;  LST file generated by mikroListExporter - v.2.0 
; Date/Time: 18/10/2014 08:12:53 p.m.
;----------------------------------------------

;Address Opcode 	ASM
0x0000	0x2838      	GOTO       56
_____DoICP:
;__Lib_System.c,6 :: 		
;__Lib_System.c,9 :: 		
0x0003	0x1283      	BCF        STATUS, 5
0x0004	0x1303      	BCF        STATUS, 6
0x0005	0x0829      	MOVF       ___DoICPAddr+1, 0
0x0006	0x008A      	MOVWF      PCLATH
;__Lib_System.c,10 :: 		
0x0007	0x0828      	MOVF       ___DoICPAddr, 0
0x0008	0x0082      	MOVWF      PCL
;__Lib_System.c,12 :: 		
L_end_____DoICP:
0x0009	0x0008      	RETURN
; end of _____DoICP
___CC2DW:
;__Lib_System.c,134 :: 		
;__Lib_System.c,137 :: 		
_CC2D_Loop1:
;__Lib_System.c,139 :: 		
0x000A	0x2003      	CALL       _____DoICP
0x000B	0x118A      	BCF        PCLATH, 3
0x000C	0x120A      	BCF        PCLATH, 4
;__Lib_System.c,141 :: 		
0x000D	0x0080      	MOVWF      INDF
;__Lib_System.c,142 :: 		
0x000E	0x0A84      	INCF       FSR, 1
;__Lib_System.c,143 :: 		
0x000F	0x0AA8      	INCF       ___DoICPAddr, 1
;__Lib_System.c,145 :: 		
0x0010	0x1903      	BTFSC      STATUS, 2
;__Lib_System.c,146 :: 		
0x0011	0x0AA9      	INCF       ___DoICPAddr+1, 1
;__Lib_System.c,147 :: 		
0x0012	0x03F0      	DECF       R0, 1
;__Lib_System.c,149 :: 		
0x0013	0x1D03      	BTFSS      STATUS, 2
;__Lib_System.c,150 :: 		
0x0014	0x280A      	GOTO       _CC2D_Loop1
;__Lib_System.c,152 :: 		
L_end___CC2DW:
0x0015	0x0008      	RETURN
; end of ___CC2DW
_UART1_Read:
;__Lib_UART_c67.c,21 :: 		
;__Lib_UART_c67.c,24 :: 		
0x0016	0x1283      	BCF        STATUS, 5
0x0017	0x1303      	BCF        STATUS, 6
0x0018	0x081A      	MOVF       RCREG, 0
0x0019	0x00F1      	MOVWF      R1
;__Lib_UART_c67.c,25 :: 		
0x001A	0x1C98      	BTFSS      RCSTA, 1
0x001B	0x281E      	GOTO       L_UART1_Read2
;__Lib_UART_c67.c,26 :: 		
0x001C	0x1218      	BCF        RCSTA, 4
;__Lib_UART_c67.c,27 :: 		
0x001D	0x1618      	BSF        RCSTA, 4
;__Lib_UART_c67.c,28 :: 		
L_UART1_Read2:
;__Lib_UART_c67.c,29 :: 		
0x001E	0x0871      	MOVF       R1, 0
0x001F	0x00F0      	MOVWF      R0
;__Lib_UART_c67.c,30 :: 		
L_end_UART1_Read:
0x0020	0x0008      	RETURN
; end of _UART1_Read
_UART1_Init:
;__Lib_UART_c67.c,2 :: 		
;__Lib_UART_c67.c,5 :: 		
0x0021	0x1683      	BSF        STATUS, 5
0x0022	0x1303      	BCF        STATUS, 6
0x0023	0x1698      	BSF        TXSTA, 5
;__Lib_UART_c67.c,6 :: 		
0x0024	0x3090      	MOVLW      144
0x0025	0x1283      	BCF        STATUS, 5
0x0026	0x0098      	MOVWF      RCSTA
;__Lib_UART_c67.c,7 :: 		
0x0027	0x1683      	BSF        STATUS, 5
0x0028	0x1787      	BSF        TRISC7_bit, BitPos(TRISC7_bit+0)
;__Lib_UART_c67.c,8 :: 		
0x0029	0x1307      	BCF        TRISC6_bit, BitPos(TRISC6_bit+0)
;__Lib_UART_c67.c,10 :: 		
L_UART1_Init0:
0x002A	0x1283      	BCF        STATUS, 5
0x002B	0x1E8C      	BTFSS      PIR1, 5
0x002C	0x2830      	GOTO       L_UART1_Init1
;__Lib_UART_c67.c,11 :: 		
0x002D	0x081A      	MOVF       RCREG, 0
0x002E	0x00F0      	MOVWF      R0
0x002F	0x282A      	GOTO       L_UART1_Init0
L_UART1_Init1:
;__Lib_UART_c67.c,12 :: 		
L_end_UART1_Init:
0x0030	0x0008      	RETURN
; end of _UART1_Init
_UART1_Data_Ready:
;__Lib_UART_c67.c,16 :: 		
;__Lib_UART_c67.c,17 :: 		
0x0031	0x3000      	MOVLW      0
0x0032	0x1283      	BCF        STATUS, 5
0x0033	0x1303      	BCF        STATUS, 6
0x0034	0x1A8C      	BTFSC      PIR1, 5
0x0035	0x3001      	MOVLW      1
0x0036	0x00F0      	MOVWF      R0
;__Lib_UART_c67.c,18 :: 		
L_end_UART1_Data_Ready:
0x0037	0x0008      	RETURN
; end of _UART1_Data_Ready
_main:
0x0038	0x1283      	BCF        STATUS, 5
0x0039	0x1303      	BCF        STATUS, 6
0x003A	0x01A0      	CLRF       _p4
0x003B	0x01A1      	CLRF       33
0x003C	0x01A2      	CLRF       _CS1_DAC
0x003D	0x01A3      	CLRF       35
0x003E	0x01A4      	CLRF       _WR_DAC
0x003F	0x01A5      	CLRF       37
;alpacajarecib.c,14 :: 		void main() {
;alpacajarecib.c,16 :: 		ANSEL=ANSELH=0;///CONFIGURAMOS PINES COMO DIGITALTES
0x0040	0x1683      	BSF        STATUS, 5
0x0041	0x1703      	BSF        STATUS, 6
0x0042	0x0189      	CLRF       ANSELH
0x0043	0x0188      	CLRF       ANSEL
;alpacajarecib.c,17 :: 		PORTA=0;
0x0044	0x1283      	BCF        STATUS, 5
0x0045	0x1303      	BCF        STATUS, 6
0x0046	0x0185      	CLRF       PORTA
;alpacajarecib.c,18 :: 		TRISA=0B1111;
0x0047	0x300F      	MOVLW      15
0x0048	0x1683      	BSF        STATUS, 5
0x0049	0x0085      	MOVWF      TRISA
;alpacajarecib.c,19 :: 		TRISD=0;
0x004A	0x0188      	CLRF       TRISD
;alpacajarecib.c,20 :: 		PORTD=0;
0x004B	0x1283      	BCF        STATUS, 5
0x004C	0x0188      	CLRF       PORTD
;alpacajarecib.c,21 :: 		UART1_Init(115200);
0x004D	0x3004      	MOVLW      4
0x004E	0x1683      	BSF        STATUS, 5
0x004F	0x0099      	MOVWF      SPBRG
0x0050	0x1518      	BSF        TXSTA, 2
0x0051	0x2021      	CALL       _UART1_Init
;alpacajarecib.c,22 :: 		Delay_ms(100);
0x0052	0x3002      	MOVLW      2
0x0053	0x00FB      	MOVWF      R11
0x0054	0x3045      	MOVLW      69
0x0055	0x00FC      	MOVWF      R12
0x0056	0x30A9      	MOVLW      169
0x0057	0x00FD      	MOVWF      R13
L_main0:
0x0058	0x0BFD      	DECFSZ     R13, 1
0x0059	0x2858      	GOTO       L_main0
0x005A	0x0BFC      	DECFSZ     R12, 1
0x005B	0x2858      	GOTO       L_main0
0x005C	0x0BFB      	DECFSZ     R11, 1
0x005D	0x2858      	GOTO       L_main0
0x005E	0x0000      	NOP
0x005F	0x0000      	NOP
;alpacajarecib.c,23 :: 		ANSEL = 0;
0x0060	0x1683      	BSF        STATUS, 5
0x0061	0x1703      	BSF        STATUS, 6
0x0062	0x0188      	CLRF       ANSEL
;alpacajarecib.c,24 :: 		ANSELH = 0;
0x0063	0x0189      	CLRF       ANSELH
;alpacajarecib.c,25 :: 		i= 0;
0x0064	0x1283      	BCF        STATUS, 5
0x0065	0x1303      	BCF        STATUS, 6
0x0066	0x01AC      	CLRF       _i
0x0067	0x01AD      	CLRF       _i+1
;alpacajarecib.c,27 :: 		TRISD = 0x00;
0x0068	0x1683      	BSF        STATUS, 5
0x0069	0x0188      	CLRF       TRISD
;alpacajarecib.c,28 :: 		PORTD = 0;     //VALOR INICIAL
0x006A	0x1283      	BCF        STATUS, 5
0x006B	0x0188      	CLRF       PORTD
;alpacajarecib.c,30 :: 		TRISC.B7 = 0x01;               //RX
0x006C	0x1683      	BSF        STATUS, 5
0x006D	0x1787      	BSF        TRISC, 7
;alpacajarecib.c,31 :: 		PORTC.B7 = 0; //VALOR INICIAL 0
0x006E	0x1283      	BCF        STATUS, 5
0x006F	0x1387      	BCF        PORTC, 7
;alpacajarecib.c,33 :: 		TRISC.B0 = 0x00;
0x0070	0x1683      	BSF        STATUS, 5
0x0071	0x1007      	BCF        TRISC, 0
;alpacajarecib.c,34 :: 		TRISC.B1 = 0x00;             //PINC.B0,B1 COMO SALIDAS DIGITALTES
0x0072	0x1087      	BCF        TRISC, 1
;alpacajarecib.c,35 :: 		PORTC.B0 = 0x00;
0x0073	0x1283      	BCF        STATUS, 5
0x0074	0x1007      	BCF        PORTC, 0
;alpacajarecib.c,36 :: 		PORTC.B1 = 0x00;
0x0075	0x1087      	BCF        PORTC, 1
;alpacajarecib.c,38 :: 		while(1){
L_main1:
;alpacajarecib.c,40 :: 		PORTC.B0 = CS1_DAC;
0x0076	0x1822      	BTFSC      _CS1_DAC, 0
0x0077	0x287A      	GOTO       L__main167
0x0078	0x1007      	BCF        PORTC, 0
0x0079	0x287B      	GOTO       L__main168
L__main167:
0x007A	0x1407      	BSF        PORTC, 0
L__main168:
;alpacajarecib.c,41 :: 		PORTC.B1 = WR_DAC;
0x007B	0x1824      	BTFSC      _WR_DAC, 0
0x007C	0x287F      	GOTO       L__main169
0x007D	0x1087      	BCF        PORTC, 1
0x007E	0x2880      	GOTO       L__main170
L__main169:
0x007F	0x1487      	BSF        PORTC, 1
L__main170:
;alpacajarecib.c,43 :: 		if (UART1_Data_Ready() == 1) {
0x0080	0x2031      	CALL       _UART1_Data_Ready
0x0081	0x0870      	MOVF       R0, 0
0x0082	0x3A01      	XORLW      1
0x0083	0x1D03      	BTFSS      STATUS, 2
0x0084	0x2D4D      	GOTO       L_main3
;alpacajarecib.c,44 :: 		receive = UART1_Read();
0x0085	0x2016      	CALL       _UART1_Read
0x0086	0x0870      	MOVF       R0, 0
0x0087	0x00B0      	MOVWF      main_receive_L0
;alpacajarecib.c,46 :: 		switch(receive){
0x0088	0x2D3D      	GOTO       L_main4
;alpacajarecib.c,47 :: 		case 'G' :{
L_main6:
;alpacajarecib.c,49 :: 		if (UART1_Data_Ready() == 1) {
0x0089	0x2031      	CALL       _UART1_Data_Ready
0x008A	0x0870      	MOVF       R0, 0
0x008B	0x3A01      	XORLW      1
0x008C	0x1D03      	BTFSS      STATUS, 2
0x008D	0x29B5      	GOTO       L_main7
;alpacajarecib.c,50 :: 		receive = UART1_Read();
0x008E	0x2016      	CALL       _UART1_Read
0x008F	0x0870      	MOVF       R0, 0
0x0090	0x00B0      	MOVWF      main_receive_L0
;alpacajarecib.c,52 :: 		switch(receive){
0x0091	0x28E0      	GOTO       L_main8
;alpacajarecib.c,53 :: 		case '0' :{
L_main10:
;alpacajarecib.c,54 :: 		p1=0;
0x0092	0x01AA      	CLRF       _p1
0x0093	0x01AB      	CLRF       _p1+1
;alpacajarecib.c,55 :: 		break;
0x0094	0x2920      	GOTO       L_main9
;alpacajarecib.c,57 :: 		case '1' :{
L_main11:
;alpacajarecib.c,58 :: 		p1=1;
0x0095	0x3001      	MOVLW      1
0x0096	0x00AA      	MOVWF      _p1
0x0097	0x3000      	MOVLW      0
0x0098	0x00AB      	MOVWF      _p1+1
;alpacajarecib.c,59 :: 		break;
0x0099	0x2920      	GOTO       L_main9
;alpacajarecib.c,61 :: 		case '2' :{
L_main12:
;alpacajarecib.c,62 :: 		p1=2;
0x009A	0x3002      	MOVLW      2
0x009B	0x00AA      	MOVWF      _p1
0x009C	0x3000      	MOVLW      0
0x009D	0x00AB      	MOVWF      _p1+1
;alpacajarecib.c,63 :: 		break;
0x009E	0x2920      	GOTO       L_main9
;alpacajarecib.c,65 :: 		case '3' :{
L_main13:
;alpacajarecib.c,66 :: 		p1=3;
0x009F	0x3003      	MOVLW      3
0x00A0	0x00AA      	MOVWF      _p1
0x00A1	0x3000      	MOVLW      0
0x00A2	0x00AB      	MOVWF      _p1+1
;alpacajarecib.c,67 :: 		break;
0x00A3	0x2920      	GOTO       L_main9
;alpacajarecib.c,69 :: 		case '4' :{
L_main14:
;alpacajarecib.c,70 :: 		p1=4;
0x00A4	0x3004      	MOVLW      4
0x00A5	0x00AA      	MOVWF      _p1
0x00A6	0x3000      	MOVLW      0
0x00A7	0x00AB      	MOVWF      _p1+1
;alpacajarecib.c,71 :: 		break;
0x00A8	0x2920      	GOTO       L_main9
;alpacajarecib.c,73 :: 		case '5' :{
L_main15:
;alpacajarecib.c,74 :: 		p1=5;
0x00A9	0x3005      	MOVLW      5
0x00AA	0x00AA      	MOVWF      _p1
0x00AB	0x3000      	MOVLW      0
0x00AC	0x00AB      	MOVWF      _p1+1
;alpacajarecib.c,75 :: 		break;
0x00AD	0x2920      	GOTO       L_main9
;alpacajarecib.c,77 :: 		case '6' :{
L_main16:
;alpacajarecib.c,78 :: 		p1=6;
0x00AE	0x3006      	MOVLW      6
0x00AF	0x00AA      	MOVWF      _p1
0x00B0	0x3000      	MOVLW      0
0x00B1	0x00AB      	MOVWF      _p1+1
;alpacajarecib.c,79 :: 		break;
0x00B2	0x2920      	GOTO       L_main9
;alpacajarecib.c,81 :: 		case '7' :{
L_main17:
;alpacajarecib.c,82 :: 		p1=7;
0x00B3	0x3007      	MOVLW      7
0x00B4	0x00AA      	MOVWF      _p1
0x00B5	0x3000      	MOVLW      0
0x00B6	0x00AB      	MOVWF      _p1+1
;alpacajarecib.c,83 :: 		break;
0x00B7	0x2920      	GOTO       L_main9
;alpacajarecib.c,85 :: 		case '8' :{
L_main18:
;alpacajarecib.c,86 :: 		p1=8;
0x00B8	0x3008      	MOVLW      8
0x00B9	0x00AA      	MOVWF      _p1
0x00BA	0x3000      	MOVLW      0
0x00BB	0x00AB      	MOVWF      _p1+1
;alpacajarecib.c,87 :: 		break;
0x00BC	0x2920      	GOTO       L_main9
;alpacajarecib.c,89 :: 		case '9' :{
L_main19:
;alpacajarecib.c,90 :: 		p1=9;
0x00BD	0x3009      	MOVLW      9
0x00BE	0x00AA      	MOVWF      _p1
0x00BF	0x3000      	MOVLW      0
0x00C0	0x00AB      	MOVWF      _p1+1
;alpacajarecib.c,91 :: 		break;
0x00C1	0x2920      	GOTO       L_main9
;alpacajarecib.c,93 :: 		case 'A' :{
L_main20:
;alpacajarecib.c,94 :: 		p1=10;
0x00C2	0x300A      	MOVLW      10
0x00C3	0x00AA      	MOVWF      _p1
0x00C4	0x3000      	MOVLW      0
0x00C5	0x00AB      	MOVWF      _p1+1
;alpacajarecib.c,95 :: 		break;
0x00C6	0x2920      	GOTO       L_main9
;alpacajarecib.c,97 :: 		case 'B' :{
L_main21:
;alpacajarecib.c,98 :: 		p1=11;
0x00C7	0x300B      	MOVLW      11
0x00C8	0x00AA      	MOVWF      _p1
0x00C9	0x3000      	MOVLW      0
0x00CA	0x00AB      	MOVWF      _p1+1
;alpacajarecib.c,99 :: 		break;
0x00CB	0x2920      	GOTO       L_main9
;alpacajarecib.c,101 :: 		case 'C' :{
L_main22:
;alpacajarecib.c,102 :: 		p1=12;
0x00CC	0x300C      	MOVLW      12
0x00CD	0x00AA      	MOVWF      _p1
0x00CE	0x3000      	MOVLW      0
0x00CF	0x00AB      	MOVWF      _p1+1
;alpacajarecib.c,103 :: 		break;
0x00D0	0x2920      	GOTO       L_main9
;alpacajarecib.c,105 :: 		case 'D' :{
L_main23:
;alpacajarecib.c,106 :: 		p1=13;
0x00D1	0x300D      	MOVLW      13
0x00D2	0x00AA      	MOVWF      _p1
0x00D3	0x3000      	MOVLW      0
0x00D4	0x00AB      	MOVWF      _p1+1
;alpacajarecib.c,107 :: 		break;
0x00D5	0x2920      	GOTO       L_main9
;alpacajarecib.c,109 :: 		case 'E' :{
L_main24:
;alpacajarecib.c,110 :: 		p1=14;
0x00D6	0x300E      	MOVLW      14
0x00D7	0x00AA      	MOVWF      _p1
0x00D8	0x3000      	MOVLW      0
0x00D9	0x00AB      	MOVWF      _p1+1
;alpacajarecib.c,111 :: 		break;
0x00DA	0x2920      	GOTO       L_main9
;alpacajarecib.c,113 :: 		case 'F' :{
L_main25:
;alpacajarecib.c,114 :: 		p1=15;
0x00DB	0x300F      	MOVLW      15
0x00DC	0x00AA      	MOVWF      _p1
0x00DD	0x3000      	MOVLW      0
0x00DE	0x00AB      	MOVWF      _p1+1
;alpacajarecib.c,115 :: 		break;
0x00DF	0x2920      	GOTO       L_main9
;alpacajarecib.c,117 :: 		}
L_main8:
0x00E0	0x0830      	MOVF       main_receive_L0, 0
0x00E1	0x3A30      	XORLW      48
0x00E2	0x1903      	BTFSC      STATUS, 2
0x00E3	0x2892      	GOTO       L_main10
0x00E4	0x0830      	MOVF       main_receive_L0, 0
0x00E5	0x3A31      	XORLW      49
0x00E6	0x1903      	BTFSC      STATUS, 2
0x00E7	0x2895      	GOTO       L_main11
0x00E8	0x0830      	MOVF       main_receive_L0, 0
0x00E9	0x3A32      	XORLW      50
0x00EA	0x1903      	BTFSC      STATUS, 2
0x00EB	0x289A      	GOTO       L_main12
0x00EC	0x0830      	MOVF       main_receive_L0, 0
0x00ED	0x3A33      	XORLW      51
0x00EE	0x1903      	BTFSC      STATUS, 2
0x00EF	0x289F      	GOTO       L_main13
0x00F0	0x0830      	MOVF       main_receive_L0, 0
0x00F1	0x3A34      	XORLW      52
0x00F2	0x1903      	BTFSC      STATUS, 2
0x00F3	0x28A4      	GOTO       L_main14
0x00F4	0x0830      	MOVF       main_receive_L0, 0
0x00F5	0x3A35      	XORLW      53
0x00F6	0x1903      	BTFSC      STATUS, 2
0x00F7	0x28A9      	GOTO       L_main15
0x00F8	0x0830      	MOVF       main_receive_L0, 0
0x00F9	0x3A36      	XORLW      54
0x00FA	0x1903      	BTFSC      STATUS, 2
0x00FB	0x28AE      	GOTO       L_main16
0x00FC	0x0830      	MOVF       main_receive_L0, 0
0x00FD	0x3A37      	XORLW      55
0x00FE	0x1903      	BTFSC      STATUS, 2
0x00FF	0x28B3      	GOTO       L_main17
0x0100	0x0830      	MOVF       main_receive_L0, 0
0x0101	0x3A38      	XORLW      56
0x0102	0x1903      	BTFSC      STATUS, 2
0x0103	0x28B8      	GOTO       L_main18
0x0104	0x0830      	MOVF       main_receive_L0, 0
0x0105	0x3A39      	XORLW      57
0x0106	0x1903      	BTFSC      STATUS, 2
0x0107	0x28BD      	GOTO       L_main19
0x0108	0x0830      	MOVF       main_receive_L0, 0
0x0109	0x3A41      	XORLW      65
0x010A	0x1903      	BTFSC      STATUS, 2
0x010B	0x28C2      	GOTO       L_main20
0x010C	0x0830      	MOVF       main_receive_L0, 0
0x010D	0x3A42      	XORLW      66
0x010E	0x1903      	BTFSC      STATUS, 2
0x010F	0x28C7      	GOTO       L_main21
0x0110	0x0830      	MOVF       main_receive_L0, 0
0x0111	0x3A43      	XORLW      67
0x0112	0x1903      	BTFSC      STATUS, 2
0x0113	0x28CC      	GOTO       L_main22
0x0114	0x0830      	MOVF       main_receive_L0, 0
0x0115	0x3A44      	XORLW      68
0x0116	0x1903      	BTFSC      STATUS, 2
0x0117	0x28D1      	GOTO       L_main23
0x0118	0x0830      	MOVF       main_receive_L0, 0
0x0119	0x3A45      	XORLW      69
0x011A	0x1903      	BTFSC      STATUS, 2
0x011B	0x28D6      	GOTO       L_main24
0x011C	0x0830      	MOVF       main_receive_L0, 0
0x011D	0x3A46      	XORLW      70
0x011E	0x1903      	BTFSC      STATUS, 2
0x011F	0x28DB      	GOTO       L_main25
L_main9:
;alpacajarecib.c,118 :: 		if (UART1_Data_Ready() == 1) {
0x0120	0x2031      	CALL       _UART1_Data_Ready
0x0121	0x0870      	MOVF       R0, 0
0x0122	0x3A01      	XORLW      1
0x0123	0x1D03      	BTFSS      STATUS, 2
0x0124	0x29B5      	GOTO       L_main26
;alpacajarecib.c,119 :: 		receive = UART1_Read();
0x0125	0x2016      	CALL       _UART1_Read
0x0126	0x0870      	MOVF       R0, 0
0x0127	0x00B0      	MOVWF      main_receive_L0
;alpacajarecib.c,121 :: 		switch(receive){
0x0128	0x2975      	GOTO       L_main27
;alpacajarecib.c,122 :: 		case '0' :{
L_main29:
;alpacajarecib.c,123 :: 		p1=p1+0*16;
;alpacajarecib.c,124 :: 		break;
0x0129	0x29B5      	GOTO       L_main28
;alpacajarecib.c,126 :: 		case '1' :{
L_main30:
;alpacajarecib.c,127 :: 		p1=p1+1*16;
0x012A	0x3010      	MOVLW      16
0x012B	0x07AA      	ADDWF      _p1, 1
0x012C	0x1803      	BTFSC      STATUS, 0
0x012D	0x0AAB      	INCF       _p1+1, 1
;alpacajarecib.c,128 :: 		break;
0x012E	0x29B5      	GOTO       L_main28
;alpacajarecib.c,130 :: 		case '2' :{
L_main31:
;alpacajarecib.c,131 :: 		p1=p1+2*16;
0x012F	0x3020      	MOVLW      32
0x0130	0x07AA      	ADDWF      _p1, 1
0x0131	0x1803      	BTFSC      STATUS, 0
0x0132	0x0AAB      	INCF       _p1+1, 1
;alpacajarecib.c,132 :: 		break;
0x0133	0x29B5      	GOTO       L_main28
;alpacajarecib.c,134 :: 		case '3' :{
L_main32:
;alpacajarecib.c,135 :: 		p1=p1+3*16;
0x0134	0x3030      	MOVLW      48
0x0135	0x07AA      	ADDWF      _p1, 1
0x0136	0x1803      	BTFSC      STATUS, 0
0x0137	0x0AAB      	INCF       _p1+1, 1
;alpacajarecib.c,136 :: 		break;
0x0138	0x29B5      	GOTO       L_main28
;alpacajarecib.c,138 :: 		case '4' :{
L_main33:
;alpacajarecib.c,139 :: 		p1=p1+4*16;
0x0139	0x3040      	MOVLW      64
0x013A	0x07AA      	ADDWF      _p1, 1
0x013B	0x1803      	BTFSC      STATUS, 0
0x013C	0x0AAB      	INCF       _p1+1, 1
;alpacajarecib.c,140 :: 		break;
0x013D	0x29B5      	GOTO       L_main28
;alpacajarecib.c,142 :: 		case '5' :{
L_main34:
;alpacajarecib.c,143 :: 		p1=p1+5*16;
0x013E	0x3050      	MOVLW      80
0x013F	0x07AA      	ADDWF      _p1, 1
0x0140	0x1803      	BTFSC      STATUS, 0
0x0141	0x0AAB      	INCF       _p1+1, 1
;alpacajarecib.c,144 :: 		break;
0x0142	0x29B5      	GOTO       L_main28
;alpacajarecib.c,146 :: 		case '6' :{
L_main35:
;alpacajarecib.c,147 :: 		p1=p1+6*16;
0x0143	0x3060      	MOVLW      96
0x0144	0x07AA      	ADDWF      _p1, 1
0x0145	0x1803      	BTFSC      STATUS, 0
0x0146	0x0AAB      	INCF       _p1+1, 1
;alpacajarecib.c,148 :: 		break;
0x0147	0x29B5      	GOTO       L_main28
;alpacajarecib.c,150 :: 		case '7' :{
L_main36:
;alpacajarecib.c,151 :: 		p1=p1+7*16;
0x0148	0x3070      	MOVLW      112
0x0149	0x07AA      	ADDWF      _p1, 1
0x014A	0x1803      	BTFSC      STATUS, 0
0x014B	0x0AAB      	INCF       _p1+1, 1
;alpacajarecib.c,152 :: 		break;
0x014C	0x29B5      	GOTO       L_main28
;alpacajarecib.c,154 :: 		case '8' :{
L_main37:
;alpacajarecib.c,155 :: 		p1=p1+8*16;
0x014D	0x3080      	MOVLW      128
0x014E	0x07AA      	ADDWF      _p1, 1
0x014F	0x1803      	BTFSC      STATUS, 0
0x0150	0x0AAB      	INCF       _p1+1, 1
;alpacajarecib.c,156 :: 		break;
0x0151	0x29B5      	GOTO       L_main28
;alpacajarecib.c,158 :: 		case '9' :{
L_main38:
;alpacajarecib.c,159 :: 		p1=p1+9*16;
0x0152	0x3090      	MOVLW      144
0x0153	0x07AA      	ADDWF      _p1, 1
0x0154	0x1803      	BTFSC      STATUS, 0
0x0155	0x0AAB      	INCF       _p1+1, 1
;alpacajarecib.c,160 :: 		break;
0x0156	0x29B5      	GOTO       L_main28
;alpacajarecib.c,162 :: 		case 'A' :{
L_main39:
;alpacajarecib.c,163 :: 		p1=p1+10*16;
0x0157	0x30A0      	MOVLW      160
0x0158	0x07AA      	ADDWF      _p1, 1
0x0159	0x1803      	BTFSC      STATUS, 0
0x015A	0x0AAB      	INCF       _p1+1, 1
;alpacajarecib.c,164 :: 		break;
0x015B	0x29B5      	GOTO       L_main28
;alpacajarecib.c,166 :: 		case 'B' :{
L_main40:
;alpacajarecib.c,167 :: 		p1=p1+11*16;
0x015C	0x30B0      	MOVLW      176
0x015D	0x07AA      	ADDWF      _p1, 1
0x015E	0x1803      	BTFSC      STATUS, 0
0x015F	0x0AAB      	INCF       _p1+1, 1
;alpacajarecib.c,168 :: 		break;
0x0160	0x29B5      	GOTO       L_main28
;alpacajarecib.c,170 :: 		case 'C' :{
L_main41:
;alpacajarecib.c,171 :: 		p1=p1+12*16;
0x0161	0x30C0      	MOVLW      192
0x0162	0x07AA      	ADDWF      _p1, 1
0x0163	0x1803      	BTFSC      STATUS, 0
0x0164	0x0AAB      	INCF       _p1+1, 1
;alpacajarecib.c,172 :: 		break;
0x0165	0x29B5      	GOTO       L_main28
;alpacajarecib.c,174 :: 		case 'D' :{
L_main42:
;alpacajarecib.c,175 :: 		p1=p1+13*16;
0x0166	0x30D0      	MOVLW      208
0x0167	0x07AA      	ADDWF      _p1, 1
0x0168	0x1803      	BTFSC      STATUS, 0
0x0169	0x0AAB      	INCF       _p1+1, 1
;alpacajarecib.c,176 :: 		break;
0x016A	0x29B5      	GOTO       L_main28
;alpacajarecib.c,178 :: 		case 'E' :{
L_main43:
;alpacajarecib.c,179 :: 		p1=p1+14*16;
0x016B	0x30E0      	MOVLW      224
0x016C	0x07AA      	ADDWF      _p1, 1
0x016D	0x1803      	BTFSC      STATUS, 0
0x016E	0x0AAB      	INCF       _p1+1, 1
;alpacajarecib.c,180 :: 		break;
0x016F	0x29B5      	GOTO       L_main28
;alpacajarecib.c,182 :: 		case 'F' :{
L_main44:
;alpacajarecib.c,183 :: 		p1=p1+15*16;
0x0170	0x30F0      	MOVLW      240
0x0171	0x07AA      	ADDWF      _p1, 1
0x0172	0x1803      	BTFSC      STATUS, 0
0x0173	0x0AAB      	INCF       _p1+1, 1
;alpacajarecib.c,184 :: 		break;
0x0174	0x29B5      	GOTO       L_main28
;alpacajarecib.c,186 :: 		}
L_main27:
0x0175	0x0830      	MOVF       main_receive_L0, 0
0x0176	0x3A30      	XORLW      48
0x0177	0x1903      	BTFSC      STATUS, 2
0x0178	0x2929      	GOTO       L_main29
0x0179	0x0830      	MOVF       main_receive_L0, 0
0x017A	0x3A31      	XORLW      49
0x017B	0x1903      	BTFSC      STATUS, 2
0x017C	0x292A      	GOTO       L_main30
0x017D	0x0830      	MOVF       main_receive_L0, 0
0x017E	0x3A32      	XORLW      50
0x017F	0x1903      	BTFSC      STATUS, 2
0x0180	0x292F      	GOTO       L_main31
0x0181	0x0830      	MOVF       main_receive_L0, 0
0x0182	0x3A33      	XORLW      51
0x0183	0x1903      	BTFSC      STATUS, 2
0x0184	0x2934      	GOTO       L_main32
0x0185	0x0830      	MOVF       main_receive_L0, 0
0x0186	0x3A34      	XORLW      52
0x0187	0x1903      	BTFSC      STATUS, 2
0x0188	0x2939      	GOTO       L_main33
0x0189	0x0830      	MOVF       main_receive_L0, 0
0x018A	0x3A35      	XORLW      53
0x018B	0x1903      	BTFSC      STATUS, 2
0x018C	0x293E      	GOTO       L_main34
0x018D	0x0830      	MOVF       main_receive_L0, 0
0x018E	0x3A36      	XORLW      54
0x018F	0x1903      	BTFSC      STATUS, 2
0x0190	0x2943      	GOTO       L_main35
0x0191	0x0830      	MOVF       main_receive_L0, 0
0x0192	0x3A37      	XORLW      55
0x0193	0x1903      	BTFSC      STATUS, 2
0x0194	0x2948      	GOTO       L_main36
0x0195	0x0830      	MOVF       main_receive_L0, 0
0x0196	0x3A38      	XORLW      56
0x0197	0x1903      	BTFSC      STATUS, 2
0x0198	0x294D      	GOTO       L_main37
0x0199	0x0830      	MOVF       main_receive_L0, 0
0x019A	0x3A39      	XORLW      57
0x019B	0x1903      	BTFSC      STATUS, 2
0x019C	0x2952      	GOTO       L_main38
0x019D	0x0830      	MOVF       main_receive_L0, 0
0x019E	0x3A41      	XORLW      65
0x019F	0x1903      	BTFSC      STATUS, 2
0x01A0	0x2957      	GOTO       L_main39
0x01A1	0x0830      	MOVF       main_receive_L0, 0
0x01A2	0x3A42      	XORLW      66
0x01A3	0x1903      	BTFSC      STATUS, 2
0x01A4	0x295C      	GOTO       L_main40
0x01A5	0x0830      	MOVF       main_receive_L0, 0
0x01A6	0x3A43      	XORLW      67
0x01A7	0x1903      	BTFSC      STATUS, 2
0x01A8	0x2961      	GOTO       L_main41
0x01A9	0x0830      	MOVF       main_receive_L0, 0
0x01AA	0x3A44      	XORLW      68
0x01AB	0x1903      	BTFSC      STATUS, 2
0x01AC	0x2966      	GOTO       L_main42
0x01AD	0x0830      	MOVF       main_receive_L0, 0
0x01AE	0x3A45      	XORLW      69
0x01AF	0x1903      	BTFSC      STATUS, 2
0x01B0	0x296B      	GOTO       L_main43
0x01B1	0x0830      	MOVF       main_receive_L0, 0
0x01B2	0x3A46      	XORLW      70
0x01B3	0x1903      	BTFSC      STATUS, 2
0x01B4	0x2970      	GOTO       L_main44
L_main28:
;alpacajarecib.c,187 :: 		}
L_main26:
;alpacajarecib.c,188 :: 		}
L_main7:
;alpacajarecib.c,189 :: 		break;
0x01B5	0x2D4D      	GOTO       L_main5
;alpacajarecib.c,193 :: 		case 'H' :{//CANAL 2
L_main45:
;alpacajarecib.c,195 :: 		if (UART1_Data_Ready() == 1) {
0x01B6	0x2031      	CALL       _UART1_Data_Ready
0x01B7	0x0870      	MOVF       R0, 0
0x01B8	0x3A01      	XORLW      1
0x01B9	0x1D03      	BTFSS      STATUS, 2
0x01BA	0x2AE2      	GOTO       L_main46
;alpacajarecib.c,196 :: 		receive = UART1_Read();
0x01BB	0x2016      	CALL       _UART1_Read
0x01BC	0x0870      	MOVF       R0, 0
0x01BD	0x00B0      	MOVWF      main_receive_L0
;alpacajarecib.c,198 :: 		switch(receive){
0x01BE	0x2A0D      	GOTO       L_main47
;alpacajarecib.c,199 :: 		case '0' :{
L_main49:
;alpacajarecib.c,200 :: 		p2=0;
0x01BF	0x01AE      	CLRF       _p2
0x01C0	0x01AF      	CLRF       _p2+1
;alpacajarecib.c,201 :: 		break;
0x01C1	0x2A4D      	GOTO       L_main48
;alpacajarecib.c,203 :: 		case '1' :{
L_main50:
;alpacajarecib.c,204 :: 		p2=1;
0x01C2	0x3001      	MOVLW      1
0x01C3	0x00AE      	MOVWF      _p2
0x01C4	0x3000      	MOVLW      0
0x01C5	0x00AF      	MOVWF      _p2+1
;alpacajarecib.c,205 :: 		break;
0x01C6	0x2A4D      	GOTO       L_main48
;alpacajarecib.c,207 :: 		case '2' :{
L_main51:
;alpacajarecib.c,208 :: 		p2=2;
0x01C7	0x3002      	MOVLW      2
0x01C8	0x00AE      	MOVWF      _p2
0x01C9	0x3000      	MOVLW      0
0x01CA	0x00AF      	MOVWF      _p2+1
;alpacajarecib.c,209 :: 		break;
0x01CB	0x2A4D      	GOTO       L_main48
;alpacajarecib.c,211 :: 		case '3' :{
L_main52:
;alpacajarecib.c,212 :: 		p2=3;
0x01CC	0x3003      	MOVLW      3
0x01CD	0x00AE      	MOVWF      _p2
0x01CE	0x3000      	MOVLW      0
0x01CF	0x00AF      	MOVWF      _p2+1
;alpacajarecib.c,213 :: 		break;
0x01D0	0x2A4D      	GOTO       L_main48
;alpacajarecib.c,215 :: 		case '4' :{
L_main53:
;alpacajarecib.c,216 :: 		p2=4;
0x01D1	0x3004      	MOVLW      4
0x01D2	0x00AE      	MOVWF      _p2
0x01D3	0x3000      	MOVLW      0
0x01D4	0x00AF      	MOVWF      _p2+1
;alpacajarecib.c,217 :: 		break;
0x01D5	0x2A4D      	GOTO       L_main48
;alpacajarecib.c,219 :: 		case '5' :{
L_main54:
;alpacajarecib.c,220 :: 		p2=5;
0x01D6	0x3005      	MOVLW      5
0x01D7	0x00AE      	MOVWF      _p2
0x01D8	0x3000      	MOVLW      0
0x01D9	0x00AF      	MOVWF      _p2+1
;alpacajarecib.c,221 :: 		break;
0x01DA	0x2A4D      	GOTO       L_main48
;alpacajarecib.c,223 :: 		case '6' :{
L_main55:
;alpacajarecib.c,224 :: 		p2=6;
0x01DB	0x3006      	MOVLW      6
0x01DC	0x00AE      	MOVWF      _p2
0x01DD	0x3000      	MOVLW      0
0x01DE	0x00AF      	MOVWF      _p2+1
;alpacajarecib.c,225 :: 		break;
0x01DF	0x2A4D      	GOTO       L_main48
;alpacajarecib.c,227 :: 		case '7' :{
L_main56:
;alpacajarecib.c,228 :: 		p2=7;
0x01E0	0x3007      	MOVLW      7
0x01E1	0x00AE      	MOVWF      _p2
0x01E2	0x3000      	MOVLW      0
0x01E3	0x00AF      	MOVWF      _p2+1
;alpacajarecib.c,229 :: 		break;
0x01E4	0x2A4D      	GOTO       L_main48
;alpacajarecib.c,231 :: 		case '8' :{
L_main57:
;alpacajarecib.c,232 :: 		p2=8;
0x01E5	0x3008      	MOVLW      8
0x01E6	0x00AE      	MOVWF      _p2
0x01E7	0x3000      	MOVLW      0
0x01E8	0x00AF      	MOVWF      _p2+1
;alpacajarecib.c,233 :: 		break;
0x01E9	0x2A4D      	GOTO       L_main48
;alpacajarecib.c,235 :: 		case '9' :{
L_main58:
;alpacajarecib.c,236 :: 		p2=9;
0x01EA	0x3009      	MOVLW      9
0x01EB	0x00AE      	MOVWF      _p2
0x01EC	0x3000      	MOVLW      0
0x01ED	0x00AF      	MOVWF      _p2+1
;alpacajarecib.c,237 :: 		break;
0x01EE	0x2A4D      	GOTO       L_main48
;alpacajarecib.c,239 :: 		case 'A' :{
L_main59:
;alpacajarecib.c,240 :: 		p2=10;
0x01EF	0x300A      	MOVLW      10
0x01F0	0x00AE      	MOVWF      _p2
0x01F1	0x3000      	MOVLW      0
0x01F2	0x00AF      	MOVWF      _p2+1
;alpacajarecib.c,241 :: 		break;
0x01F3	0x2A4D      	GOTO       L_main48
;alpacajarecib.c,243 :: 		case 'B' :{
L_main60:
;alpacajarecib.c,244 :: 		p2=11;
0x01F4	0x300B      	MOVLW      11
0x01F5	0x00AE      	MOVWF      _p2
0x01F6	0x3000      	MOVLW      0
0x01F7	0x00AF      	MOVWF      _p2+1
;alpacajarecib.c,245 :: 		break;
0x01F8	0x2A4D      	GOTO       L_main48
;alpacajarecib.c,247 :: 		case 'C' :{
L_main61:
;alpacajarecib.c,248 :: 		p2=12;
0x01F9	0x300C      	MOVLW      12
0x01FA	0x00AE      	MOVWF      _p2
0x01FB	0x3000      	MOVLW      0
0x01FC	0x00AF      	MOVWF      _p2+1
;alpacajarecib.c,249 :: 		break;
0x01FD	0x2A4D      	GOTO       L_main48
;alpacajarecib.c,251 :: 		case 'D' :{
L_main62:
;alpacajarecib.c,252 :: 		p2=13;
0x01FE	0x300D      	MOVLW      13
0x01FF	0x00AE      	MOVWF      _p2
0x0200	0x3000      	MOVLW      0
0x0201	0x00AF      	MOVWF      _p2+1
;alpacajarecib.c,253 :: 		break;
0x0202	0x2A4D      	GOTO       L_main48
;alpacajarecib.c,255 :: 		case 'E' :{
L_main63:
;alpacajarecib.c,256 :: 		p2=14;
0x0203	0x300E      	MOVLW      14
0x0204	0x00AE      	MOVWF      _p2
0x0205	0x3000      	MOVLW      0
0x0206	0x00AF      	MOVWF      _p2+1
;alpacajarecib.c,257 :: 		break;
0x0207	0x2A4D      	GOTO       L_main48
;alpacajarecib.c,259 :: 		case 'F' :{
L_main64:
;alpacajarecib.c,260 :: 		p2=15;
0x0208	0x300F      	MOVLW      15
0x0209	0x00AE      	MOVWF      _p2
0x020A	0x3000      	MOVLW      0
0x020B	0x00AF      	MOVWF      _p2+1
;alpacajarecib.c,261 :: 		break;
0x020C	0x2A4D      	GOTO       L_main48
;alpacajarecib.c,263 :: 		}
L_main47:
0x020D	0x0830      	MOVF       main_receive_L0, 0
0x020E	0x3A30      	XORLW      48
0x020F	0x1903      	BTFSC      STATUS, 2
0x0210	0x29BF      	GOTO       L_main49
0x0211	0x0830      	MOVF       main_receive_L0, 0
0x0212	0x3A31      	XORLW      49
0x0213	0x1903      	BTFSC      STATUS, 2
0x0214	0x29C2      	GOTO       L_main50
0x0215	0x0830      	MOVF       main_receive_L0, 0
0x0216	0x3A32      	XORLW      50
0x0217	0x1903      	BTFSC      STATUS, 2
0x0218	0x29C7      	GOTO       L_main51
0x0219	0x0830      	MOVF       main_receive_L0, 0
0x021A	0x3A33      	XORLW      51
0x021B	0x1903      	BTFSC      STATUS, 2
0x021C	0x29CC      	GOTO       L_main52
0x021D	0x0830      	MOVF       main_receive_L0, 0
0x021E	0x3A34      	XORLW      52
0x021F	0x1903      	BTFSC      STATUS, 2
0x0220	0x29D1      	GOTO       L_main53
0x0221	0x0830      	MOVF       main_receive_L0, 0
0x0222	0x3A35      	XORLW      53
0x0223	0x1903      	BTFSC      STATUS, 2
0x0224	0x29D6      	GOTO       L_main54
0x0225	0x0830      	MOVF       main_receive_L0, 0
0x0226	0x3A36      	XORLW      54
0x0227	0x1903      	BTFSC      STATUS, 2
0x0228	0x29DB      	GOTO       L_main55
0x0229	0x0830      	MOVF       main_receive_L0, 0
0x022A	0x3A37      	XORLW      55
0x022B	0x1903      	BTFSC      STATUS, 2
0x022C	0x29E0      	GOTO       L_main56
0x022D	0x0830      	MOVF       main_receive_L0, 0
0x022E	0x3A38      	XORLW      56
0x022F	0x1903      	BTFSC      STATUS, 2
0x0230	0x29E5      	GOTO       L_main57
0x0231	0x0830      	MOVF       main_receive_L0, 0
0x0232	0x3A39      	XORLW      57
0x0233	0x1903      	BTFSC      STATUS, 2
0x0234	0x29EA      	GOTO       L_main58
0x0235	0x0830      	MOVF       main_receive_L0, 0
0x0236	0x3A41      	XORLW      65
0x0237	0x1903      	BTFSC      STATUS, 2
0x0238	0x29EF      	GOTO       L_main59
0x0239	0x0830      	MOVF       main_receive_L0, 0
0x023A	0x3A42      	XORLW      66
0x023B	0x1903      	BTFSC      STATUS, 2
0x023C	0x29F4      	GOTO       L_main60
0x023D	0x0830      	MOVF       main_receive_L0, 0
0x023E	0x3A43      	XORLW      67
0x023F	0x1903      	BTFSC      STATUS, 2
0x0240	0x29F9      	GOTO       L_main61
0x0241	0x0830      	MOVF       main_receive_L0, 0
0x0242	0x3A44      	XORLW      68
0x0243	0x1903      	BTFSC      STATUS, 2
0x0244	0x29FE      	GOTO       L_main62
0x0245	0x0830      	MOVF       main_receive_L0, 0
0x0246	0x3A45      	XORLW      69
0x0247	0x1903      	BTFSC      STATUS, 2
0x0248	0x2A03      	GOTO       L_main63
0x0249	0x0830      	MOVF       main_receive_L0, 0
0x024A	0x3A46      	XORLW      70
0x024B	0x1903      	BTFSC      STATUS, 2
0x024C	0x2A08      	GOTO       L_main64
L_main48:
;alpacajarecib.c,264 :: 		if (UART1_Data_Ready() == 1) {
0x024D	0x2031      	CALL       _UART1_Data_Ready
0x024E	0x0870      	MOVF       R0, 0
0x024F	0x3A01      	XORLW      1
0x0250	0x1D03      	BTFSS      STATUS, 2
0x0251	0x2AE2      	GOTO       L_main65
;alpacajarecib.c,265 :: 		receive = UART1_Read();
0x0252	0x2016      	CALL       _UART1_Read
0x0253	0x0870      	MOVF       R0, 0
0x0254	0x00B0      	MOVWF      main_receive_L0
;alpacajarecib.c,267 :: 		switch(receive){
0x0255	0x2AA2      	GOTO       L_main66
;alpacajarecib.c,268 :: 		case '0' :{
L_main68:
;alpacajarecib.c,269 :: 		p2=p2+0*16;
;alpacajarecib.c,270 :: 		break;
0x0256	0x2AE2      	GOTO       L_main67
;alpacajarecib.c,272 :: 		case '1' :{
L_main69:
;alpacajarecib.c,273 :: 		p2=p2+1*16;
0x0257	0x3010      	MOVLW      16
0x0258	0x07AE      	ADDWF      _p2, 1
0x0259	0x1803      	BTFSC      STATUS, 0
0x025A	0x0AAF      	INCF       _p2+1, 1
;alpacajarecib.c,274 :: 		break;
0x025B	0x2AE2      	GOTO       L_main67
;alpacajarecib.c,276 :: 		case '2' :{
L_main70:
;alpacajarecib.c,277 :: 		p2=p2+2*16;
0x025C	0x3020      	MOVLW      32
0x025D	0x07AE      	ADDWF      _p2, 1
0x025E	0x1803      	BTFSC      STATUS, 0
0x025F	0x0AAF      	INCF       _p2+1, 1
;alpacajarecib.c,278 :: 		break;
0x0260	0x2AE2      	GOTO       L_main67
;alpacajarecib.c,280 :: 		case '3' :{
L_main71:
;alpacajarecib.c,281 :: 		p2=p2+3*16;
0x0261	0x3030      	MOVLW      48
0x0262	0x07AE      	ADDWF      _p2, 1
0x0263	0x1803      	BTFSC      STATUS, 0
0x0264	0x0AAF      	INCF       _p2+1, 1
;alpacajarecib.c,282 :: 		break;
0x0265	0x2AE2      	GOTO       L_main67
;alpacajarecib.c,284 :: 		case '4' :{
L_main72:
;alpacajarecib.c,285 :: 		p2=p2+4*16;
0x0266	0x3040      	MOVLW      64
0x0267	0x07AE      	ADDWF      _p2, 1
0x0268	0x1803      	BTFSC      STATUS, 0
0x0269	0x0AAF      	INCF       _p2+1, 1
;alpacajarecib.c,286 :: 		break;
0x026A	0x2AE2      	GOTO       L_main67
;alpacajarecib.c,288 :: 		case '5' :{
L_main73:
;alpacajarecib.c,289 :: 		p2=p2+5*16;
0x026B	0x3050      	MOVLW      80
0x026C	0x07AE      	ADDWF      _p2, 1
0x026D	0x1803      	BTFSC      STATUS, 0
0x026E	0x0AAF      	INCF       _p2+1, 1
;alpacajarecib.c,290 :: 		break;
0x026F	0x2AE2      	GOTO       L_main67
;alpacajarecib.c,292 :: 		case '6' :{
L_main74:
;alpacajarecib.c,293 :: 		p2=p2+6*16;
0x0270	0x3060      	MOVLW      96
0x0271	0x07AE      	ADDWF      _p2, 1
0x0272	0x1803      	BTFSC      STATUS, 0
0x0273	0x0AAF      	INCF       _p2+1, 1
;alpacajarecib.c,294 :: 		break;
0x0274	0x2AE2      	GOTO       L_main67
;alpacajarecib.c,296 :: 		case '7' :{
L_main75:
;alpacajarecib.c,297 :: 		p2=p2+7*16;
0x0275	0x3070      	MOVLW      112
0x0276	0x07AE      	ADDWF      _p2, 1
0x0277	0x1803      	BTFSC      STATUS, 0
0x0278	0x0AAF      	INCF       _p2+1, 1
;alpacajarecib.c,298 :: 		break;
0x0279	0x2AE2      	GOTO       L_main67
;alpacajarecib.c,300 :: 		case '8' :{
L_main76:
;alpacajarecib.c,301 :: 		p2=p2+8*16;
0x027A	0x3080      	MOVLW      128
0x027B	0x07AE      	ADDWF      _p2, 1
0x027C	0x1803      	BTFSC      STATUS, 0
0x027D	0x0AAF      	INCF       _p2+1, 1
;alpacajarecib.c,302 :: 		break;
0x027E	0x2AE2      	GOTO       L_main67
;alpacajarecib.c,304 :: 		case '9' :{
L_main77:
;alpacajarecib.c,305 :: 		p2=p2+9*16;
0x027F	0x3090      	MOVLW      144
0x0280	0x07AE      	ADDWF      _p2, 1
0x0281	0x1803      	BTFSC      STATUS, 0
0x0282	0x0AAF      	INCF       _p2+1, 1
;alpacajarecib.c,306 :: 		break;
0x0283	0x2AE2      	GOTO       L_main67
;alpacajarecib.c,308 :: 		case 'A' :{
L_main78:
;alpacajarecib.c,309 :: 		p2=p2+10*16;
0x0284	0x30A0      	MOVLW      160
0x0285	0x07AE      	ADDWF      _p2, 1
0x0286	0x1803      	BTFSC      STATUS, 0
0x0287	0x0AAF      	INCF       _p2+1, 1
;alpacajarecib.c,310 :: 		break;
0x0288	0x2AE2      	GOTO       L_main67
;alpacajarecib.c,312 :: 		case 'B' :{
L_main79:
;alpacajarecib.c,313 :: 		p2=p2+11*16;
0x0289	0x30B0      	MOVLW      176
0x028A	0x07AE      	ADDWF      _p2, 1
0x028B	0x1803      	BTFSC      STATUS, 0
0x028C	0x0AAF      	INCF       _p2+1, 1
;alpacajarecib.c,314 :: 		break;
0x028D	0x2AE2      	GOTO       L_main67
;alpacajarecib.c,316 :: 		case 'C' :{
L_main80:
;alpacajarecib.c,317 :: 		p2=p2+12*16;
0x028E	0x30C0      	MOVLW      192
0x028F	0x07AE      	ADDWF      _p2, 1
0x0290	0x1803      	BTFSC      STATUS, 0
0x0291	0x0AAF      	INCF       _p2+1, 1
;alpacajarecib.c,318 :: 		break;
0x0292	0x2AE2      	GOTO       L_main67
;alpacajarecib.c,320 :: 		case 'D' :{
L_main81:
;alpacajarecib.c,321 :: 		p2=p2+13*16;
0x0293	0x30D0      	MOVLW      208
0x0294	0x07AE      	ADDWF      _p2, 1
0x0295	0x1803      	BTFSC      STATUS, 0
0x0296	0x0AAF      	INCF       _p2+1, 1
;alpacajarecib.c,322 :: 		break;
0x0297	0x2AE2      	GOTO       L_main67
;alpacajarecib.c,324 :: 		case 'E' :{
L_main82:
;alpacajarecib.c,325 :: 		p2=p2+14*16;
0x0298	0x30E0      	MOVLW      224
0x0299	0x07AE      	ADDWF      _p2, 1
0x029A	0x1803      	BTFSC      STATUS, 0
0x029B	0x0AAF      	INCF       _p2+1, 1
;alpacajarecib.c,326 :: 		break;
0x029C	0x2AE2      	GOTO       L_main67
;alpacajarecib.c,328 :: 		case 'F' :{
L_main83:
;alpacajarecib.c,329 :: 		p2=p2+15*16;
0x029D	0x30F0      	MOVLW      240
0x029E	0x07AE      	ADDWF      _p2, 1
0x029F	0x1803      	BTFSC      STATUS, 0
0x02A0	0x0AAF      	INCF       _p2+1, 1
;alpacajarecib.c,330 :: 		break;
0x02A1	0x2AE2      	GOTO       L_main67
;alpacajarecib.c,332 :: 		}
L_main66:
0x02A2	0x0830      	MOVF       main_receive_L0, 0
0x02A3	0x3A30      	XORLW      48
0x02A4	0x1903      	BTFSC      STATUS, 2
0x02A5	0x2A56      	GOTO       L_main68
0x02A6	0x0830      	MOVF       main_receive_L0, 0
0x02A7	0x3A31      	XORLW      49
0x02A8	0x1903      	BTFSC      STATUS, 2
0x02A9	0x2A57      	GOTO       L_main69
0x02AA	0x0830      	MOVF       main_receive_L0, 0
0x02AB	0x3A32      	XORLW      50
0x02AC	0x1903      	BTFSC      STATUS, 2
0x02AD	0x2A5C      	GOTO       L_main70
0x02AE	0x0830      	MOVF       main_receive_L0, 0
0x02AF	0x3A33      	XORLW      51
0x02B0	0x1903      	BTFSC      STATUS, 2
0x02B1	0x2A61      	GOTO       L_main71
0x02B2	0x0830      	MOVF       main_receive_L0, 0
0x02B3	0x3A34      	XORLW      52
0x02B4	0x1903      	BTFSC      STATUS, 2
0x02B5	0x2A66      	GOTO       L_main72
0x02B6	0x0830      	MOVF       main_receive_L0, 0
0x02B7	0x3A35      	XORLW      53
0x02B8	0x1903      	BTFSC      STATUS, 2
0x02B9	0x2A6B      	GOTO       L_main73
0x02BA	0x0830      	MOVF       main_receive_L0, 0
0x02BB	0x3A36      	XORLW      54
0x02BC	0x1903      	BTFSC      STATUS, 2
0x02BD	0x2A70      	GOTO       L_main74
0x02BE	0x0830      	MOVF       main_receive_L0, 0
0x02BF	0x3A37      	XORLW      55
0x02C0	0x1903      	BTFSC      STATUS, 2
0x02C1	0x2A75      	GOTO       L_main75
0x02C2	0x0830      	MOVF       main_receive_L0, 0
0x02C3	0x3A38      	XORLW      56
0x02C4	0x1903      	BTFSC      STATUS, 2
0x02C5	0x2A7A      	GOTO       L_main76
0x02C6	0x0830      	MOVF       main_receive_L0, 0
0x02C7	0x3A39      	XORLW      57
0x02C8	0x1903      	BTFSC      STATUS, 2
0x02C9	0x2A7F      	GOTO       L_main77
0x02CA	0x0830      	MOVF       main_receive_L0, 0
0x02CB	0x3A41      	XORLW      65
0x02CC	0x1903      	BTFSC      STATUS, 2
0x02CD	0x2A84      	GOTO       L_main78
0x02CE	0x0830      	MOVF       main_receive_L0, 0
0x02CF	0x3A42      	XORLW      66
0x02D0	0x1903      	BTFSC      STATUS, 2
0x02D1	0x2A89      	GOTO       L_main79
0x02D2	0x0830      	MOVF       main_receive_L0, 0
0x02D3	0x3A43      	XORLW      67
0x02D4	0x1903      	BTFSC      STATUS, 2
0x02D5	0x2A8E      	GOTO       L_main80
0x02D6	0x0830      	MOVF       main_receive_L0, 0
0x02D7	0x3A44      	XORLW      68
0x02D8	0x1903      	BTFSC      STATUS, 2
0x02D9	0x2A93      	GOTO       L_main81
0x02DA	0x0830      	MOVF       main_receive_L0, 0
0x02DB	0x3A45      	XORLW      69
0x02DC	0x1903      	BTFSC      STATUS, 2
0x02DD	0x2A98      	GOTO       L_main82
0x02DE	0x0830      	MOVF       main_receive_L0, 0
0x02DF	0x3A46      	XORLW      70
0x02E0	0x1903      	BTFSC      STATUS, 2
0x02E1	0x2A9D      	GOTO       L_main83
L_main67:
;alpacajarecib.c,333 :: 		}
L_main65:
;alpacajarecib.c,334 :: 		}
L_main46:
;alpacajarecib.c,335 :: 		break;
0x02E2	0x2D4D      	GOTO       L_main5
;alpacajarecib.c,339 :: 		case 'I' :{//EMPIEZA CANAL 3
L_main84:
;alpacajarecib.c,341 :: 		if (UART1_Data_Ready() == 1) {
0x02E3	0x2031      	CALL       _UART1_Data_Ready
0x02E4	0x0870      	MOVF       R0, 0
0x02E5	0x3A01      	XORLW      1
0x02E6	0x1D03      	BTFSS      STATUS, 2
0x02E7	0x2C0F      	GOTO       L_main85
;alpacajarecib.c,342 :: 		receive = UART1_Read();
0x02E8	0x2016      	CALL       _UART1_Read
0x02E9	0x0870      	MOVF       R0, 0
0x02EA	0x00B0      	MOVWF      main_receive_L0
;alpacajarecib.c,344 :: 		switch(receive){
0x02EB	0x2B3A      	GOTO       L_main86
;alpacajarecib.c,345 :: 		case '0' :{
L_main88:
;alpacajarecib.c,346 :: 		p3=0;
0x02EC	0x01A6      	CLRF       _p3
0x02ED	0x01A7      	CLRF       _p3+1
;alpacajarecib.c,347 :: 		break;
0x02EE	0x2B7A      	GOTO       L_main87
;alpacajarecib.c,349 :: 		case '1' :{
L_main89:
;alpacajarecib.c,350 :: 		p3=1;
0x02EF	0x3001      	MOVLW      1
0x02F0	0x00A6      	MOVWF      _p3
0x02F1	0x3000      	MOVLW      0
0x02F2	0x00A7      	MOVWF      _p3+1
;alpacajarecib.c,351 :: 		break;
0x02F3	0x2B7A      	GOTO       L_main87
;alpacajarecib.c,353 :: 		case '2' :{
L_main90:
;alpacajarecib.c,354 :: 		p3=2;
0x02F4	0x3002      	MOVLW      2
0x02F5	0x00A6      	MOVWF      _p3
0x02F6	0x3000      	MOVLW      0
0x02F7	0x00A7      	MOVWF      _p3+1
;alpacajarecib.c,355 :: 		break;
0x02F8	0x2B7A      	GOTO       L_main87
;alpacajarecib.c,357 :: 		case '3' :{
L_main91:
;alpacajarecib.c,358 :: 		p3=3;
0x02F9	0x3003      	MOVLW      3
0x02FA	0x00A6      	MOVWF      _p3
0x02FB	0x3000      	MOVLW      0
0x02FC	0x00A7      	MOVWF      _p3+1
;alpacajarecib.c,359 :: 		break;
0x02FD	0x2B7A      	GOTO       L_main87
;alpacajarecib.c,361 :: 		case '4' :{
L_main92:
;alpacajarecib.c,362 :: 		p3=4;
0x02FE	0x3004      	MOVLW      4
0x02FF	0x00A6      	MOVWF      _p3
0x0300	0x3000      	MOVLW      0
0x0301	0x00A7      	MOVWF      _p3+1
;alpacajarecib.c,363 :: 		break;
0x0302	0x2B7A      	GOTO       L_main87
;alpacajarecib.c,365 :: 		case '5' :{
L_main93:
;alpacajarecib.c,366 :: 		p3=5;
0x0303	0x3005      	MOVLW      5
0x0304	0x00A6      	MOVWF      _p3
0x0305	0x3000      	MOVLW      0
0x0306	0x00A7      	MOVWF      _p3+1
;alpacajarecib.c,367 :: 		break;
0x0307	0x2B7A      	GOTO       L_main87
;alpacajarecib.c,369 :: 		case '6' :{
L_main94:
;alpacajarecib.c,370 :: 		p3=6;
0x0308	0x3006      	MOVLW      6
0x0309	0x00A6      	MOVWF      _p3
0x030A	0x3000      	MOVLW      0
0x030B	0x00A7      	MOVWF      _p3+1
;alpacajarecib.c,371 :: 		break;
0x030C	0x2B7A      	GOTO       L_main87
;alpacajarecib.c,373 :: 		case '7' :{
L_main95:
;alpacajarecib.c,374 :: 		p3=7;
0x030D	0x3007      	MOVLW      7
0x030E	0x00A6      	MOVWF      _p3
0x030F	0x3000      	MOVLW      0
0x0310	0x00A7      	MOVWF      _p3+1
;alpacajarecib.c,375 :: 		break;
0x0311	0x2B7A      	GOTO       L_main87
;alpacajarecib.c,377 :: 		case '8' :{
L_main96:
;alpacajarecib.c,378 :: 		p3=8;
0x0312	0x3008      	MOVLW      8
0x0313	0x00A6      	MOVWF      _p3
0x0314	0x3000      	MOVLW      0
0x0315	0x00A7      	MOVWF      _p3+1
;alpacajarecib.c,379 :: 		break;
0x0316	0x2B7A      	GOTO       L_main87
;alpacajarecib.c,381 :: 		case '9' :{
L_main97:
;alpacajarecib.c,382 :: 		p3=9;
0x0317	0x3009      	MOVLW      9
0x0318	0x00A6      	MOVWF      _p3
0x0319	0x3000      	MOVLW      0
0x031A	0x00A7      	MOVWF      _p3+1
;alpacajarecib.c,383 :: 		break;
0x031B	0x2B7A      	GOTO       L_main87
;alpacajarecib.c,385 :: 		case 'A' :{
L_main98:
;alpacajarecib.c,386 :: 		p3=10;
0x031C	0x300A      	MOVLW      10
0x031D	0x00A6      	MOVWF      _p3
0x031E	0x3000      	MOVLW      0
0x031F	0x00A7      	MOVWF      _p3+1
;alpacajarecib.c,387 :: 		break;
0x0320	0x2B7A      	GOTO       L_main87
;alpacajarecib.c,389 :: 		case 'B' :{
L_main99:
;alpacajarecib.c,390 :: 		p3=11;
0x0321	0x300B      	MOVLW      11
0x0322	0x00A6      	MOVWF      _p3
0x0323	0x3000      	MOVLW      0
0x0324	0x00A7      	MOVWF      _p3+1
;alpacajarecib.c,391 :: 		break;
0x0325	0x2B7A      	GOTO       L_main87
;alpacajarecib.c,393 :: 		case 'C' :{
L_main100:
;alpacajarecib.c,394 :: 		p3=12;
0x0326	0x300C      	MOVLW      12
0x0327	0x00A6      	MOVWF      _p3
0x0328	0x3000      	MOVLW      0
0x0329	0x00A7      	MOVWF      _p3+1
;alpacajarecib.c,395 :: 		break;
0x032A	0x2B7A      	GOTO       L_main87
;alpacajarecib.c,397 :: 		case 'D' :{
L_main101:
;alpacajarecib.c,398 :: 		p3=13;
0x032B	0x300D      	MOVLW      13
0x032C	0x00A6      	MOVWF      _p3
0x032D	0x3000      	MOVLW      0
0x032E	0x00A7      	MOVWF      _p3+1
;alpacajarecib.c,399 :: 		break;
0x032F	0x2B7A      	GOTO       L_main87
;alpacajarecib.c,401 :: 		case 'E' :{
L_main102:
;alpacajarecib.c,402 :: 		p3=14;
0x0330	0x300E      	MOVLW      14
0x0331	0x00A6      	MOVWF      _p3
0x0332	0x3000      	MOVLW      0
0x0333	0x00A7      	MOVWF      _p3+1
;alpacajarecib.c,403 :: 		break;
0x0334	0x2B7A      	GOTO       L_main87
;alpacajarecib.c,405 :: 		case 'F' :{
L_main103:
;alpacajarecib.c,406 :: 		p3=15;
0x0335	0x300F      	MOVLW      15
0x0336	0x00A6      	MOVWF      _p3
0x0337	0x3000      	MOVLW      0
0x0338	0x00A7      	MOVWF      _p3+1
;alpacajarecib.c,407 :: 		break;
0x0339	0x2B7A      	GOTO       L_main87
;alpacajarecib.c,409 :: 		}
L_main86:
0x033A	0x0830      	MOVF       main_receive_L0, 0
0x033B	0x3A30      	XORLW      48
0x033C	0x1903      	BTFSC      STATUS, 2
0x033D	0x2AEC      	GOTO       L_main88
0x033E	0x0830      	MOVF       main_receive_L0, 0
0x033F	0x3A31      	XORLW      49
0x0340	0x1903      	BTFSC      STATUS, 2
0x0341	0x2AEF      	GOTO       L_main89
0x0342	0x0830      	MOVF       main_receive_L0, 0
0x0343	0x3A32      	XORLW      50
0x0344	0x1903      	BTFSC      STATUS, 2
0x0345	0x2AF4      	GOTO       L_main90
0x0346	0x0830      	MOVF       main_receive_L0, 0
0x0347	0x3A33      	XORLW      51
0x0348	0x1903      	BTFSC      STATUS, 2
0x0349	0x2AF9      	GOTO       L_main91
0x034A	0x0830      	MOVF       main_receive_L0, 0
0x034B	0x3A34      	XORLW      52
0x034C	0x1903      	BTFSC      STATUS, 2
0x034D	0x2AFE      	GOTO       L_main92
0x034E	0x0830      	MOVF       main_receive_L0, 0
0x034F	0x3A35      	XORLW      53
0x0350	0x1903      	BTFSC      STATUS, 2
0x0351	0x2B03      	GOTO       L_main93
0x0352	0x0830      	MOVF       main_receive_L0, 0
0x0353	0x3A36      	XORLW      54
0x0354	0x1903      	BTFSC      STATUS, 2
0x0355	0x2B08      	GOTO       L_main94
0x0356	0x0830      	MOVF       main_receive_L0, 0
0x0357	0x3A37      	XORLW      55
0x0358	0x1903      	BTFSC      STATUS, 2
0x0359	0x2B0D      	GOTO       L_main95
0x035A	0x0830      	MOVF       main_receive_L0, 0
0x035B	0x3A38      	XORLW      56
0x035C	0x1903      	BTFSC      STATUS, 2
0x035D	0x2B12      	GOTO       L_main96
0x035E	0x0830      	MOVF       main_receive_L0, 0
0x035F	0x3A39      	XORLW      57
0x0360	0x1903      	BTFSC      STATUS, 2
0x0361	0x2B17      	GOTO       L_main97
0x0362	0x0830      	MOVF       main_receive_L0, 0
0x0363	0x3A41      	XORLW      65
0x0364	0x1903      	BTFSC      STATUS, 2
0x0365	0x2B1C      	GOTO       L_main98
0x0366	0x0830      	MOVF       main_receive_L0, 0
0x0367	0x3A42      	XORLW      66
0x0368	0x1903      	BTFSC      STATUS, 2
0x0369	0x2B21      	GOTO       L_main99
0x036A	0x0830      	MOVF       main_receive_L0, 0
0x036B	0x3A43      	XORLW      67
0x036C	0x1903      	BTFSC      STATUS, 2
0x036D	0x2B26      	GOTO       L_main100
0x036E	0x0830      	MOVF       main_receive_L0, 0
0x036F	0x3A44      	XORLW      68
0x0370	0x1903      	BTFSC      STATUS, 2
0x0371	0x2B2B      	GOTO       L_main101
0x0372	0x0830      	MOVF       main_receive_L0, 0
0x0373	0x3A45      	XORLW      69
0x0374	0x1903      	BTFSC      STATUS, 2
0x0375	0x2B30      	GOTO       L_main102
0x0376	0x0830      	MOVF       main_receive_L0, 0
0x0377	0x3A46      	XORLW      70
0x0378	0x1903      	BTFSC      STATUS, 2
0x0379	0x2B35      	GOTO       L_main103
L_main87:
;alpacajarecib.c,410 :: 		if (UART1_Data_Ready() == 1) {
0x037A	0x2031      	CALL       _UART1_Data_Ready
0x037B	0x0870      	MOVF       R0, 0
0x037C	0x3A01      	XORLW      1
0x037D	0x1D03      	BTFSS      STATUS, 2
0x037E	0x2C0F      	GOTO       L_main104
;alpacajarecib.c,411 :: 		receive = UART1_Read();
0x037F	0x2016      	CALL       _UART1_Read
0x0380	0x0870      	MOVF       R0, 0
0x0381	0x00B0      	MOVWF      main_receive_L0
;alpacajarecib.c,413 :: 		switch(receive){
0x0382	0x2BCF      	GOTO       L_main105
;alpacajarecib.c,414 :: 		case '0' :{
L_main107:
;alpacajarecib.c,415 :: 		p3=p3+0*16;
;alpacajarecib.c,416 :: 		break;
0x0383	0x2C0F      	GOTO       L_main106
;alpacajarecib.c,418 :: 		case '1' :{
L_main108:
;alpacajarecib.c,419 :: 		p3=p3+1*16;
0x0384	0x3010      	MOVLW      16
0x0385	0x07A6      	ADDWF      _p3, 1
0x0386	0x1803      	BTFSC      STATUS, 0
0x0387	0x0AA7      	INCF       _p3+1, 1
;alpacajarecib.c,420 :: 		break;
0x0388	0x2C0F      	GOTO       L_main106
;alpacajarecib.c,422 :: 		case '2' :{
L_main109:
;alpacajarecib.c,423 :: 		p3=p3+2*16;
0x0389	0x3020      	MOVLW      32
0x038A	0x07A6      	ADDWF      _p3, 1
0x038B	0x1803      	BTFSC      STATUS, 0
0x038C	0x0AA7      	INCF       _p3+1, 1
;alpacajarecib.c,424 :: 		break;
0x038D	0x2C0F      	GOTO       L_main106
;alpacajarecib.c,426 :: 		case '3' :{
L_main110:
;alpacajarecib.c,427 :: 		p3=p3+3*16;
0x038E	0x3030      	MOVLW      48
0x038F	0x07A6      	ADDWF      _p3, 1
0x0390	0x1803      	BTFSC      STATUS, 0
0x0391	0x0AA7      	INCF       _p3+1, 1
;alpacajarecib.c,428 :: 		break;
0x0392	0x2C0F      	GOTO       L_main106
;alpacajarecib.c,430 :: 		case '4' :{
L_main111:
;alpacajarecib.c,431 :: 		p3=p3+4*16;
0x0393	0x3040      	MOVLW      64
0x0394	0x07A6      	ADDWF      _p3, 1
0x0395	0x1803      	BTFSC      STATUS, 0
0x0396	0x0AA7      	INCF       _p3+1, 1
;alpacajarecib.c,432 :: 		break;
0x0397	0x2C0F      	GOTO       L_main106
;alpacajarecib.c,434 :: 		case '5' :{
L_main112:
;alpacajarecib.c,435 :: 		p3=p3+5*16;
0x0398	0x3050      	MOVLW      80
0x0399	0x07A6      	ADDWF      _p3, 1
0x039A	0x1803      	BTFSC      STATUS, 0
0x039B	0x0AA7      	INCF       _p3+1, 1
;alpacajarecib.c,436 :: 		break;
0x039C	0x2C0F      	GOTO       L_main106
;alpacajarecib.c,438 :: 		case '6' :{
L_main113:
;alpacajarecib.c,439 :: 		p3=p3+6*16;
0x039D	0x3060      	MOVLW      96
0x039E	0x07A6      	ADDWF      _p3, 1
0x039F	0x1803      	BTFSC      STATUS, 0
0x03A0	0x0AA7      	INCF       _p3+1, 1
;alpacajarecib.c,440 :: 		break;
0x03A1	0x2C0F      	GOTO       L_main106
;alpacajarecib.c,442 :: 		case '7' :{
L_main114:
;alpacajarecib.c,443 :: 		p3=p3+7*16;
0x03A2	0x3070      	MOVLW      112
0x03A3	0x07A6      	ADDWF      _p3, 1
0x03A4	0x1803      	BTFSC      STATUS, 0
0x03A5	0x0AA7      	INCF       _p3+1, 1
;alpacajarecib.c,444 :: 		break;
0x03A6	0x2C0F      	GOTO       L_main106
;alpacajarecib.c,446 :: 		case '8' :{
L_main115:
;alpacajarecib.c,447 :: 		p3=p3+8*16;
0x03A7	0x3080      	MOVLW      128
0x03A8	0x07A6      	ADDWF      _p3, 1
0x03A9	0x1803      	BTFSC      STATUS, 0
0x03AA	0x0AA7      	INCF       _p3+1, 1
;alpacajarecib.c,448 :: 		break;
0x03AB	0x2C0F      	GOTO       L_main106
;alpacajarecib.c,450 :: 		case '9' :{
L_main116:
;alpacajarecib.c,451 :: 		p3=p3+9*16;
0x03AC	0x3090      	MOVLW      144
0x03AD	0x07A6      	ADDWF      _p3, 1
0x03AE	0x1803      	BTFSC      STATUS, 0
0x03AF	0x0AA7      	INCF       _p3+1, 1
;alpacajarecib.c,452 :: 		break;
0x03B0	0x2C0F      	GOTO       L_main106
;alpacajarecib.c,454 :: 		case 'A' :{
L_main117:
;alpacajarecib.c,455 :: 		p3=p3+10*16;
0x03B1	0x30A0      	MOVLW      160
0x03B2	0x07A6      	ADDWF      _p3, 1
0x03B3	0x1803      	BTFSC      STATUS, 0
0x03B4	0x0AA7      	INCF       _p3+1, 1
;alpacajarecib.c,456 :: 		break;
0x03B5	0x2C0F      	GOTO       L_main106
;alpacajarecib.c,458 :: 		case 'B' :{
L_main118:
;alpacajarecib.c,459 :: 		p3=p3+11*16;
0x03B6	0x30B0      	MOVLW      176
0x03B7	0x07A6      	ADDWF      _p3, 1
0x03B8	0x1803      	BTFSC      STATUS, 0
0x03B9	0x0AA7      	INCF       _p3+1, 1
;alpacajarecib.c,460 :: 		break;
0x03BA	0x2C0F      	GOTO       L_main106
;alpacajarecib.c,462 :: 		case 'C' :{
L_main119:
;alpacajarecib.c,463 :: 		p3=p3+12*16;
0x03BB	0x30C0      	MOVLW      192
0x03BC	0x07A6      	ADDWF      _p3, 1
0x03BD	0x1803      	BTFSC      STATUS, 0
0x03BE	0x0AA7      	INCF       _p3+1, 1
;alpacajarecib.c,464 :: 		break;
0x03BF	0x2C0F      	GOTO       L_main106
;alpacajarecib.c,466 :: 		case 'D' :{
L_main120:
;alpacajarecib.c,467 :: 		p3=p3+13*16;
0x03C0	0x30D0      	MOVLW      208
0x03C1	0x07A6      	ADDWF      _p3, 1
0x03C2	0x1803      	BTFSC      STATUS, 0
0x03C3	0x0AA7      	INCF       _p3+1, 1
;alpacajarecib.c,468 :: 		break;
0x03C4	0x2C0F      	GOTO       L_main106
;alpacajarecib.c,470 :: 		case 'E' :{
L_main121:
;alpacajarecib.c,471 :: 		p3=p3+14*16;
0x03C5	0x30E0      	MOVLW      224
0x03C6	0x07A6      	ADDWF      _p3, 1
0x03C7	0x1803      	BTFSC      STATUS, 0
0x03C8	0x0AA7      	INCF       _p3+1, 1
;alpacajarecib.c,472 :: 		break;
0x03C9	0x2C0F      	GOTO       L_main106
;alpacajarecib.c,474 :: 		case 'F' :{
L_main122:
;alpacajarecib.c,475 :: 		p3=p3+15*16;
0x03CA	0x30F0      	MOVLW      240
0x03CB	0x07A6      	ADDWF      _p3, 1
0x03CC	0x1803      	BTFSC      STATUS, 0
0x03CD	0x0AA7      	INCF       _p3+1, 1
;alpacajarecib.c,476 :: 		break;
0x03CE	0x2C0F      	GOTO       L_main106
;alpacajarecib.c,478 :: 		}
L_main105:
0x03CF	0x0830      	MOVF       main_receive_L0, 0
0x03D0	0x3A30      	XORLW      48
0x03D1	0x1903      	BTFSC      STATUS, 2
0x03D2	0x2B83      	GOTO       L_main107
0x03D3	0x0830      	MOVF       main_receive_L0, 0
0x03D4	0x3A31      	XORLW      49
0x03D5	0x1903      	BTFSC      STATUS, 2
0x03D6	0x2B84      	GOTO       L_main108
0x03D7	0x0830      	MOVF       main_receive_L0, 0
0x03D8	0x3A32      	XORLW      50
0x03D9	0x1903      	BTFSC      STATUS, 2
0x03DA	0x2B89      	GOTO       L_main109
0x03DB	0x0830      	MOVF       main_receive_L0, 0
0x03DC	0x3A33      	XORLW      51
0x03DD	0x1903      	BTFSC      STATUS, 2
0x03DE	0x2B8E      	GOTO       L_main110
0x03DF	0x0830      	MOVF       main_receive_L0, 0
0x03E0	0x3A34      	XORLW      52
0x03E1	0x1903      	BTFSC      STATUS, 2
0x03E2	0x2B93      	GOTO       L_main111
0x03E3	0x0830      	MOVF       main_receive_L0, 0
0x03E4	0x3A35      	XORLW      53
0x03E5	0x1903      	BTFSC      STATUS, 2
0x03E6	0x2B98      	GOTO       L_main112
0x03E7	0x0830      	MOVF       main_receive_L0, 0
0x03E8	0x3A36      	XORLW      54
0x03E9	0x1903      	BTFSC      STATUS, 2
0x03EA	0x2B9D      	GOTO       L_main113
0x03EB	0x0830      	MOVF       main_receive_L0, 0
0x03EC	0x3A37      	XORLW      55
0x03ED	0x1903      	BTFSC      STATUS, 2
0x03EE	0x2BA2      	GOTO       L_main114
0x03EF	0x0830      	MOVF       main_receive_L0, 0
0x03F0	0x3A38      	XORLW      56
0x03F1	0x1903      	BTFSC      STATUS, 2
0x03F2	0x2BA7      	GOTO       L_main115
0x03F3	0x0830      	MOVF       main_receive_L0, 0
0x03F4	0x3A39      	XORLW      57
0x03F5	0x1903      	BTFSC      STATUS, 2
0x03F6	0x2BAC      	GOTO       L_main116
0x03F7	0x0830      	MOVF       main_receive_L0, 0
0x03F8	0x3A41      	XORLW      65
0x03F9	0x1903      	BTFSC      STATUS, 2
0x03FA	0x2BB1      	GOTO       L_main117
0x03FB	0x0830      	MOVF       main_receive_L0, 0
0x03FC	0x3A42      	XORLW      66
0x03FD	0x1903      	BTFSC      STATUS, 2
0x03FE	0x2BB6      	GOTO       L_main118
0x03FF	0x0830      	MOVF       main_receive_L0, 0
0x0400	0x3A43      	XORLW      67
0x0401	0x1903      	BTFSC      STATUS, 2
0x0402	0x2BBB      	GOTO       L_main119
0x0403	0x0830      	MOVF       main_receive_L0, 0
0x0404	0x3A44      	XORLW      68
0x0405	0x1903      	BTFSC      STATUS, 2
0x0406	0x2BC0      	GOTO       L_main120
0x0407	0x0830      	MOVF       main_receive_L0, 0
0x0408	0x3A45      	XORLW      69
0x0409	0x1903      	BTFSC      STATUS, 2
0x040A	0x2BC5      	GOTO       L_main121
0x040B	0x0830      	MOVF       main_receive_L0, 0
0x040C	0x3A46      	XORLW      70
0x040D	0x1903      	BTFSC      STATUS, 2
0x040E	0x2BCA      	GOTO       L_main122
L_main106:
;alpacajarecib.c,479 :: 		}
L_main104:
;alpacajarecib.c,480 :: 		}
L_main85:
;alpacajarecib.c,481 :: 		break;
0x040F	0x2D4D      	GOTO       L_main5
;alpacajarecib.c,484 :: 		case 'G' :{
L_main123:
;alpacajarecib.c,486 :: 		if (UART1_Data_Ready() == 1) {
0x0410	0x2031      	CALL       _UART1_Data_Ready
0x0411	0x0870      	MOVF       R0, 0
0x0412	0x3A01      	XORLW      1
0x0413	0x1D03      	BTFSS      STATUS, 2
0x0414	0x2D3C      	GOTO       L_main124
;alpacajarecib.c,487 :: 		receive = UART1_Read();
0x0415	0x2016      	CALL       _UART1_Read
0x0416	0x0870      	MOVF       R0, 0
0x0417	0x00B0      	MOVWF      main_receive_L0
;alpacajarecib.c,489 :: 		switch(receive){
0x0418	0x2C67      	GOTO       L_main125
;alpacajarecib.c,490 :: 		case '0' :{
L_main127:
;alpacajarecib.c,491 :: 		p4=0;
0x0419	0x01A0      	CLRF       _p4
0x041A	0x01A1      	CLRF       _p4+1
;alpacajarecib.c,492 :: 		break;
0x041B	0x2CA7      	GOTO       L_main126
;alpacajarecib.c,494 :: 		case '1' :{
L_main128:
;alpacajarecib.c,495 :: 		p4=1;
0x041C	0x3001      	MOVLW      1
0x041D	0x00A0      	MOVWF      _p4
0x041E	0x3000      	MOVLW      0
0x041F	0x00A1      	MOVWF      _p4+1
;alpacajarecib.c,496 :: 		break;
0x0420	0x2CA7      	GOTO       L_main126
;alpacajarecib.c,498 :: 		case '2' :{
L_main129:
;alpacajarecib.c,499 :: 		p4=2;
0x0421	0x3002      	MOVLW      2
0x0422	0x00A0      	MOVWF      _p4
0x0423	0x3000      	MOVLW      0
0x0424	0x00A1      	MOVWF      _p4+1
;alpacajarecib.c,500 :: 		break;
0x0425	0x2CA7      	GOTO       L_main126
;alpacajarecib.c,502 :: 		case '3' :{
L_main130:
;alpacajarecib.c,503 :: 		p4=3;
0x0426	0x3003      	MOVLW      3
0x0427	0x00A0      	MOVWF      _p4
0x0428	0x3000      	MOVLW      0
0x0429	0x00A1      	MOVWF      _p4+1
;alpacajarecib.c,504 :: 		break;
0x042A	0x2CA7      	GOTO       L_main126
;alpacajarecib.c,506 :: 		case '4' :{
L_main131:
;alpacajarecib.c,507 :: 		p4=4;
0x042B	0x3004      	MOVLW      4
0x042C	0x00A0      	MOVWF      _p4
0x042D	0x3000      	MOVLW      0
0x042E	0x00A1      	MOVWF      _p4+1
;alpacajarecib.c,508 :: 		break;
0x042F	0x2CA7      	GOTO       L_main126
;alpacajarecib.c,510 :: 		case '5' :{
L_main132:
;alpacajarecib.c,511 :: 		p4=5;
0x0430	0x3005      	MOVLW      5
0x0431	0x00A0      	MOVWF      _p4
0x0432	0x3000      	MOVLW      0
0x0433	0x00A1      	MOVWF      _p4+1
;alpacajarecib.c,512 :: 		break;
0x0434	0x2CA7      	GOTO       L_main126
;alpacajarecib.c,514 :: 		case '6' :{
L_main133:
;alpacajarecib.c,515 :: 		p4=6;
0x0435	0x3006      	MOVLW      6
0x0436	0x00A0      	MOVWF      _p4
0x0437	0x3000      	MOVLW      0
0x0438	0x00A1      	MOVWF      _p4+1
;alpacajarecib.c,516 :: 		break;
0x0439	0x2CA7      	GOTO       L_main126
;alpacajarecib.c,518 :: 		case '7' :{
L_main134:
;alpacajarecib.c,519 :: 		p4=7;
0x043A	0x3007      	MOVLW      7
0x043B	0x00A0      	MOVWF      _p4
0x043C	0x3000      	MOVLW      0
0x043D	0x00A1      	MOVWF      _p4+1
;alpacajarecib.c,520 :: 		break;
0x043E	0x2CA7      	GOTO       L_main126
;alpacajarecib.c,522 :: 		case '8' :{
L_main135:
;alpacajarecib.c,523 :: 		p4=8;
0x043F	0x3008      	MOVLW      8
0x0440	0x00A0      	MOVWF      _p4
0x0441	0x3000      	MOVLW      0
0x0442	0x00A1      	MOVWF      _p4+1
;alpacajarecib.c,524 :: 		break;
0x0443	0x2CA7      	GOTO       L_main126
;alpacajarecib.c,526 :: 		case '9' :{
L_main136:
;alpacajarecib.c,527 :: 		p4=9;
0x0444	0x3009      	MOVLW      9
0x0445	0x00A0      	MOVWF      _p4
0x0446	0x3000      	MOVLW      0
0x0447	0x00A1      	MOVWF      _p4+1
;alpacajarecib.c,528 :: 		break;
0x0448	0x2CA7      	GOTO       L_main126
;alpacajarecib.c,530 :: 		case 'A' :{
L_main137:
;alpacajarecib.c,531 :: 		p4=10;
0x0449	0x300A      	MOVLW      10
0x044A	0x00A0      	MOVWF      _p4
0x044B	0x3000      	MOVLW      0
0x044C	0x00A1      	MOVWF      _p4+1
;alpacajarecib.c,532 :: 		break;
0x044D	0x2CA7      	GOTO       L_main126
;alpacajarecib.c,534 :: 		case 'B' :{
L_main138:
;alpacajarecib.c,535 :: 		p4=11;
0x044E	0x300B      	MOVLW      11
0x044F	0x00A0      	MOVWF      _p4
0x0450	0x3000      	MOVLW      0
0x0451	0x00A1      	MOVWF      _p4+1
;alpacajarecib.c,536 :: 		break;
0x0452	0x2CA7      	GOTO       L_main126
;alpacajarecib.c,538 :: 		case 'C' :{
L_main139:
;alpacajarecib.c,539 :: 		p4=12;
0x0453	0x300C      	MOVLW      12
0x0454	0x00A0      	MOVWF      _p4
0x0455	0x3000      	MOVLW      0
0x0456	0x00A1      	MOVWF      _p4+1
;alpacajarecib.c,540 :: 		break;
0x0457	0x2CA7      	GOTO       L_main126
;alpacajarecib.c,542 :: 		case 'D' :{
L_main140:
;alpacajarecib.c,543 :: 		p4=13;
0x0458	0x300D      	MOVLW      13
0x0459	0x00A0      	MOVWF      _p4
0x045A	0x3000      	MOVLW      0
0x045B	0x00A1      	MOVWF      _p4+1
;alpacajarecib.c,544 :: 		break;
0x045C	0x2CA7      	GOTO       L_main126
;alpacajarecib.c,546 :: 		case 'E' :{
L_main141:
;alpacajarecib.c,547 :: 		p4=14;
0x045D	0x300E      	MOVLW      14
0x045E	0x00A0      	MOVWF      _p4
0x045F	0x3000      	MOVLW      0
0x0460	0x00A1      	MOVWF      _p4+1
;alpacajarecib.c,548 :: 		break;
0x0461	0x2CA7      	GOTO       L_main126
;alpacajarecib.c,550 :: 		case 'F' :{
L_main142:
;alpacajarecib.c,551 :: 		p4=15;
0x0462	0x300F      	MOVLW      15
0x0463	0x00A0      	MOVWF      _p4
0x0464	0x3000      	MOVLW      0
0x0465	0x00A1      	MOVWF      _p4+1
;alpacajarecib.c,552 :: 		break;
0x0466	0x2CA7      	GOTO       L_main126
;alpacajarecib.c,554 :: 		}
L_main125:
0x0467	0x0830      	MOVF       main_receive_L0, 0
0x0468	0x3A30      	XORLW      48
0x0469	0x1903      	BTFSC      STATUS, 2
0x046A	0x2C19      	GOTO       L_main127
0x046B	0x0830      	MOVF       main_receive_L0, 0
0x046C	0x3A31      	XORLW      49
0x046D	0x1903      	BTFSC      STATUS, 2
0x046E	0x2C1C      	GOTO       L_main128
0x046F	0x0830      	MOVF       main_receive_L0, 0
0x0470	0x3A32      	XORLW      50
0x0471	0x1903      	BTFSC      STATUS, 2
0x0472	0x2C21      	GOTO       L_main129
0x0473	0x0830      	MOVF       main_receive_L0, 0
0x0474	0x3A33      	XORLW      51
0x0475	0x1903      	BTFSC      STATUS, 2
0x0476	0x2C26      	GOTO       L_main130
0x0477	0x0830      	MOVF       main_receive_L0, 0
0x0478	0x3A34      	XORLW      52
0x0479	0x1903      	BTFSC      STATUS, 2
0x047A	0x2C2B      	GOTO       L_main131
0x047B	0x0830      	MOVF       main_receive_L0, 0
0x047C	0x3A35      	XORLW      53
0x047D	0x1903      	BTFSC      STATUS, 2
0x047E	0x2C30      	GOTO       L_main132
0x047F	0x0830      	MOVF       main_receive_L0, 0
0x0480	0x3A36      	XORLW      54
0x0481	0x1903      	BTFSC      STATUS, 2
0x0482	0x2C35      	GOTO       L_main133
0x0483	0x0830      	MOVF       main_receive_L0, 0
0x0484	0x3A37      	XORLW      55
0x0485	0x1903      	BTFSC      STATUS, 2
0x0486	0x2C3A      	GOTO       L_main134
0x0487	0x0830      	MOVF       main_receive_L0, 0
0x0488	0x3A38      	XORLW      56
0x0489	0x1903      	BTFSC      STATUS, 2
0x048A	0x2C3F      	GOTO       L_main135
0x048B	0x0830      	MOVF       main_receive_L0, 0
0x048C	0x3A39      	XORLW      57
0x048D	0x1903      	BTFSC      STATUS, 2
0x048E	0x2C44      	GOTO       L_main136
0x048F	0x0830      	MOVF       main_receive_L0, 0
0x0490	0x3A41      	XORLW      65
0x0491	0x1903      	BTFSC      STATUS, 2
0x0492	0x2C49      	GOTO       L_main137
0x0493	0x0830      	MOVF       main_receive_L0, 0
0x0494	0x3A42      	XORLW      66
0x0495	0x1903      	BTFSC      STATUS, 2
0x0496	0x2C4E      	GOTO       L_main138
0x0497	0x0830      	MOVF       main_receive_L0, 0
0x0498	0x3A43      	XORLW      67
0x0499	0x1903      	BTFSC      STATUS, 2
0x049A	0x2C53      	GOTO       L_main139
0x049B	0x0830      	MOVF       main_receive_L0, 0
0x049C	0x3A44      	XORLW      68
0x049D	0x1903      	BTFSC      STATUS, 2
0x049E	0x2C58      	GOTO       L_main140
0x049F	0x0830      	MOVF       main_receive_L0, 0
0x04A0	0x3A45      	XORLW      69
0x04A1	0x1903      	BTFSC      STATUS, 2
0x04A2	0x2C5D      	GOTO       L_main141
0x04A3	0x0830      	MOVF       main_receive_L0, 0
0x04A4	0x3A46      	XORLW      70
0x04A5	0x1903      	BTFSC      STATUS, 2
0x04A6	0x2C62      	GOTO       L_main142
L_main126:
;alpacajarecib.c,555 :: 		if (UART1_Data_Ready() == 1) {
0x04A7	0x2031      	CALL       _UART1_Data_Ready
0x04A8	0x0870      	MOVF       R0, 0
0x04A9	0x3A01      	XORLW      1
0x04AA	0x1D03      	BTFSS      STATUS, 2
0x04AB	0x2D3C      	GOTO       L_main143
;alpacajarecib.c,556 :: 		receive = UART1_Read();
0x04AC	0x2016      	CALL       _UART1_Read
0x04AD	0x0870      	MOVF       R0, 0
0x04AE	0x00B0      	MOVWF      main_receive_L0
;alpacajarecib.c,558 :: 		switch(receive){
0x04AF	0x2CFC      	GOTO       L_main144
;alpacajarecib.c,559 :: 		case '0' :{
L_main146:
;alpacajarecib.c,560 :: 		p4=p4+0*16;
;alpacajarecib.c,561 :: 		break;
0x04B0	0x2D3C      	GOTO       L_main145
;alpacajarecib.c,563 :: 		case '1' :{
L_main147:
;alpacajarecib.c,564 :: 		p4=p4+1*16;
0x04B1	0x3010      	MOVLW      16
0x04B2	0x07A0      	ADDWF      _p4, 1
0x04B3	0x1803      	BTFSC      STATUS, 0
0x04B4	0x0AA1      	INCF       _p4+1, 1
;alpacajarecib.c,565 :: 		break;
0x04B5	0x2D3C      	GOTO       L_main145
;alpacajarecib.c,567 :: 		case '2' :{
L_main148:
;alpacajarecib.c,568 :: 		p4=p4+2*16;
0x04B6	0x3020      	MOVLW      32
0x04B7	0x07A0      	ADDWF      _p4, 1
0x04B8	0x1803      	BTFSC      STATUS, 0
0x04B9	0x0AA1      	INCF       _p4+1, 1
;alpacajarecib.c,569 :: 		break;
0x04BA	0x2D3C      	GOTO       L_main145
;alpacajarecib.c,571 :: 		case '3' :{
L_main149:
;alpacajarecib.c,572 :: 		p4=p4+3*16;
0x04BB	0x3030      	MOVLW      48
0x04BC	0x07A0      	ADDWF      _p4, 1
0x04BD	0x1803      	BTFSC      STATUS, 0
0x04BE	0x0AA1      	INCF       _p4+1, 1
;alpacajarecib.c,573 :: 		break;
0x04BF	0x2D3C      	GOTO       L_main145
;alpacajarecib.c,575 :: 		case '4' :{
L_main150:
;alpacajarecib.c,576 :: 		p4=p4+4*16;
0x04C0	0x3040      	MOVLW      64
0x04C1	0x07A0      	ADDWF      _p4, 1
0x04C2	0x1803      	BTFSC      STATUS, 0
0x04C3	0x0AA1      	INCF       _p4+1, 1
;alpacajarecib.c,577 :: 		break;
0x04C4	0x2D3C      	GOTO       L_main145
;alpacajarecib.c,579 :: 		case '5' :{
L_main151:
;alpacajarecib.c,580 :: 		p4=p4+5*16;
0x04C5	0x3050      	MOVLW      80
0x04C6	0x07A0      	ADDWF      _p4, 1
0x04C7	0x1803      	BTFSC      STATUS, 0
0x04C8	0x0AA1      	INCF       _p4+1, 1
;alpacajarecib.c,581 :: 		break;
0x04C9	0x2D3C      	GOTO       L_main145
;alpacajarecib.c,583 :: 		case '6' :{
L_main152:
;alpacajarecib.c,584 :: 		p4=p4+6*16;
0x04CA	0x3060      	MOVLW      96
0x04CB	0x07A0      	ADDWF      _p4, 1
0x04CC	0x1803      	BTFSC      STATUS, 0
0x04CD	0x0AA1      	INCF       _p4+1, 1
;alpacajarecib.c,585 :: 		break;
0x04CE	0x2D3C      	GOTO       L_main145
;alpacajarecib.c,587 :: 		case '7' :{
L_main153:
;alpacajarecib.c,588 :: 		p4=p4+7*16;
0x04CF	0x3070      	MOVLW      112
0x04D0	0x07A0      	ADDWF      _p4, 1
0x04D1	0x1803      	BTFSC      STATUS, 0
0x04D2	0x0AA1      	INCF       _p4+1, 1
;alpacajarecib.c,589 :: 		break;
0x04D3	0x2D3C      	GOTO       L_main145
;alpacajarecib.c,591 :: 		case '8' :{
L_main154:
;alpacajarecib.c,592 :: 		p4=p4+8*16;
0x04D4	0x3080      	MOVLW      128
0x04D5	0x07A0      	ADDWF      _p4, 1
0x04D6	0x1803      	BTFSC      STATUS, 0
0x04D7	0x0AA1      	INCF       _p4+1, 1
;alpacajarecib.c,593 :: 		break;
0x04D8	0x2D3C      	GOTO       L_main145
;alpacajarecib.c,595 :: 		case '9' :{
L_main155:
;alpacajarecib.c,596 :: 		p4=p4+9*16;
0x04D9	0x3090      	MOVLW      144
0x04DA	0x07A0      	ADDWF      _p4, 1
0x04DB	0x1803      	BTFSC      STATUS, 0
0x04DC	0x0AA1      	INCF       _p4+1, 1
;alpacajarecib.c,597 :: 		break;
0x04DD	0x2D3C      	GOTO       L_main145
;alpacajarecib.c,599 :: 		case 'A' :{
L_main156:
;alpacajarecib.c,600 :: 		p4=p4+10*16;
0x04DE	0x30A0      	MOVLW      160
0x04DF	0x07A0      	ADDWF      _p4, 1
0x04E0	0x1803      	BTFSC      STATUS, 0
0x04E1	0x0AA1      	INCF       _p4+1, 1
;alpacajarecib.c,601 :: 		break;
0x04E2	0x2D3C      	GOTO       L_main145
;alpacajarecib.c,603 :: 		case 'B' :{
L_main157:
;alpacajarecib.c,604 :: 		p4=p4+11*16;
0x04E3	0x30B0      	MOVLW      176
0x04E4	0x07A0      	ADDWF      _p4, 1
0x04E5	0x1803      	BTFSC      STATUS, 0
0x04E6	0x0AA1      	INCF       _p4+1, 1
;alpacajarecib.c,605 :: 		break;
0x04E7	0x2D3C      	GOTO       L_main145
;alpacajarecib.c,607 :: 		case 'C' :{
L_main158:
;alpacajarecib.c,608 :: 		p4=p4+12*16;
0x04E8	0x30C0      	MOVLW      192
0x04E9	0x07A0      	ADDWF      _p4, 1
0x04EA	0x1803      	BTFSC      STATUS, 0
0x04EB	0x0AA1      	INCF       _p4+1, 1
;alpacajarecib.c,609 :: 		break;
0x04EC	0x2D3C      	GOTO       L_main145
;alpacajarecib.c,611 :: 		case 'D' :{
L_main159:
;alpacajarecib.c,612 :: 		p4=p4+13*16;
0x04ED	0x30D0      	MOVLW      208
0x04EE	0x07A0      	ADDWF      _p4, 1
0x04EF	0x1803      	BTFSC      STATUS, 0
0x04F0	0x0AA1      	INCF       _p4+1, 1
;alpacajarecib.c,613 :: 		break;
0x04F1	0x2D3C      	GOTO       L_main145
;alpacajarecib.c,615 :: 		case 'E' :{
L_main160:
;alpacajarecib.c,616 :: 		p4=p4+14*16;
0x04F2	0x30E0      	MOVLW      224
0x04F3	0x07A0      	ADDWF      _p4, 1
0x04F4	0x1803      	BTFSC      STATUS, 0
0x04F5	0x0AA1      	INCF       _p4+1, 1
;alpacajarecib.c,617 :: 		break;
0x04F6	0x2D3C      	GOTO       L_main145
;alpacajarecib.c,619 :: 		case 'F' :{
L_main161:
;alpacajarecib.c,620 :: 		p4=p4+15*16;
0x04F7	0x30F0      	MOVLW      240
0x04F8	0x07A0      	ADDWF      _p4, 1
0x04F9	0x1803      	BTFSC      STATUS, 0
0x04FA	0x0AA1      	INCF       _p4+1, 1
;alpacajarecib.c,621 :: 		break;
0x04FB	0x2D3C      	GOTO       L_main145
;alpacajarecib.c,623 :: 		}
L_main144:
0x04FC	0x0830      	MOVF       main_receive_L0, 0
0x04FD	0x3A30      	XORLW      48
0x04FE	0x1903      	BTFSC      STATUS, 2
0x04FF	0x2CB0      	GOTO       L_main146
0x0500	0x0830      	MOVF       main_receive_L0, 0
0x0501	0x3A31      	XORLW      49
0x0502	0x1903      	BTFSC      STATUS, 2
0x0503	0x2CB1      	GOTO       L_main147
0x0504	0x0830      	MOVF       main_receive_L0, 0
0x0505	0x3A32      	XORLW      50
0x0506	0x1903      	BTFSC      STATUS, 2
0x0507	0x2CB6      	GOTO       L_main148
0x0508	0x0830      	MOVF       main_receive_L0, 0
0x0509	0x3A33      	XORLW      51
0x050A	0x1903      	BTFSC      STATUS, 2
0x050B	0x2CBB      	GOTO       L_main149
0x050C	0x0830      	MOVF       main_receive_L0, 0
0x050D	0x3A34      	XORLW      52
0x050E	0x1903      	BTFSC      STATUS, 2
0x050F	0x2CC0      	GOTO       L_main150
0x0510	0x0830      	MOVF       main_receive_L0, 0
0x0511	0x3A35      	XORLW      53
0x0512	0x1903      	BTFSC      STATUS, 2
0x0513	0x2CC5      	GOTO       L_main151
0x0514	0x0830      	MOVF       main_receive_L0, 0
0x0515	0x3A36      	XORLW      54
0x0516	0x1903      	BTFSC      STATUS, 2
0x0517	0x2CCA      	GOTO       L_main152
0x0518	0x0830      	MOVF       main_receive_L0, 0
0x0519	0x3A37      	XORLW      55
0x051A	0x1903      	BTFSC      STATUS, 2
0x051B	0x2CCF      	GOTO       L_main153
0x051C	0x0830      	MOVF       main_receive_L0, 0
0x051D	0x3A38      	XORLW      56
0x051E	0x1903      	BTFSC      STATUS, 2
0x051F	0x2CD4      	GOTO       L_main154
0x0520	0x0830      	MOVF       main_receive_L0, 0
0x0521	0x3A39      	XORLW      57
0x0522	0x1903      	BTFSC      STATUS, 2
0x0523	0x2CD9      	GOTO       L_main155
0x0524	0x0830      	MOVF       main_receive_L0, 0
0x0525	0x3A41      	XORLW      65
0x0526	0x1903      	BTFSC      STATUS, 2
0x0527	0x2CDE      	GOTO       L_main156
0x0528	0x0830      	MOVF       main_receive_L0, 0
0x0529	0x3A42      	XORLW      66
0x052A	0x1903      	BTFSC      STATUS, 2
0x052B	0x2CE3      	GOTO       L_main157
0x052C	0x0830      	MOVF       main_receive_L0, 0
0x052D	0x3A43      	XORLW      67
0x052E	0x1903      	BTFSC      STATUS, 2
0x052F	0x2CE8      	GOTO       L_main158
0x0530	0x0830      	MOVF       main_receive_L0, 0
0x0531	0x3A44      	XORLW      68
0x0532	0x1903      	BTFSC      STATUS, 2
0x0533	0x2CED      	GOTO       L_main159
0x0534	0x0830      	MOVF       main_receive_L0, 0
0x0535	0x3A45      	XORLW      69
0x0536	0x1903      	BTFSC      STATUS, 2
0x0537	0x2CF2      	GOTO       L_main160
0x0538	0x0830      	MOVF       main_receive_L0, 0
0x0539	0x3A46      	XORLW      70
0x053A	0x1903      	BTFSC      STATUS, 2
0x053B	0x2CF7      	GOTO       L_main161
L_main145:
;alpacajarecib.c,624 :: 		}
L_main143:
;alpacajarecib.c,625 :: 		}
L_main124:
;alpacajarecib.c,626 :: 		break;
0x053C	0x2D4D      	GOTO       L_main5
;alpacajarecib.c,629 :: 		}
L_main4:
0x053D	0x0830      	MOVF       main_receive_L0, 0
0x053E	0x3A47      	XORLW      71
0x053F	0x1903      	BTFSC      STATUS, 2
0x0540	0x2889      	GOTO       L_main6
0x0541	0x0830      	MOVF       main_receive_L0, 0
0x0542	0x3A48      	XORLW      72
0x0543	0x1903      	BTFSC      STATUS, 2
0x0544	0x29B6      	GOTO       L_main45
0x0545	0x0830      	MOVF       main_receive_L0, 0
0x0546	0x3A49      	XORLW      73
0x0547	0x1903      	BTFSC      STATUS, 2
0x0548	0x2AE3      	GOTO       L_main84
0x0549	0x0830      	MOVF       main_receive_L0, 0
0x054A	0x3A47      	XORLW      71
0x054B	0x1903      	BTFSC      STATUS, 2
0x054C	0x2C10      	GOTO       L_main123
L_main5:
;alpacajarecib.c,631 :: 		}//FIN DE RECUPERACION DE DATOS =)
L_main3:
;alpacajarecib.c,634 :: 		if(porta.b0==1){
0x054D	0x1C05      	BTFSS      PORTA, 0
0x054E	0x2D51      	GOTO       L_main162
;alpacajarecib.c,635 :: 		portd=p1;
0x054F	0x082A      	MOVF       _p1, 0
0x0550	0x0088      	MOVWF      PORTD
;alpacajarecib.c,636 :: 		}
L_main162:
;alpacajarecib.c,637 :: 		if(porta.b1==1){
0x0551	0x1C85      	BTFSS      PORTA, 1
0x0552	0x2D55      	GOTO       L_main163
;alpacajarecib.c,638 :: 		portd=p2;
0x0553	0x082E      	MOVF       _p2, 0
0x0554	0x0088      	MOVWF      PORTD
;alpacajarecib.c,639 :: 		}
L_main163:
;alpacajarecib.c,640 :: 		if(porta.b2==1){
0x0555	0x1D05      	BTFSS      PORTA, 2
0x0556	0x2D59      	GOTO       L_main164
;alpacajarecib.c,641 :: 		portd=p3;
0x0557	0x0826      	MOVF       _p3, 0
0x0558	0x0088      	MOVWF      PORTD
;alpacajarecib.c,642 :: 		}
L_main164:
;alpacajarecib.c,643 :: 		if(porta.b3==1){
0x0559	0x1D85      	BTFSS      PORTA, 3
0x055A	0x2D5D      	GOTO       L_main165
;alpacajarecib.c,644 :: 		portd=p4;
0x055B	0x0820      	MOVF       _p4, 0
0x055C	0x0088      	MOVWF      PORTD
;alpacajarecib.c,645 :: 		}
L_main165:
;alpacajarecib.c,648 :: 		}
0x055D	0x2876      	GOTO       L_main1
;alpacajarecib.c,649 :: 		}
L_end_main:
0x055E	0x2D5E      	GOTO       $+0
; end of _main
Symbol List:
//** Routines locations **
//ADDRESS    SIZE    PROCEDURE
//----------------------------------------------
0x0003       [7]    _____DoICP
0x000A      [12]    ___CC2DW
0x0016      [11]    _UART1_Read
0x0021      [16]    _UART1_Init
0x0031       [7]    _UART1_Data_Ready
0x0038    [1319]    _main
//** Variables locations ** 
//ADDRESS    SIZE    VARIABLE
//----------------------------------------------
0x0000       [1]    INDF
0x0002       [1]    PCL
0x0003       [1]    STATUS
0x0004       [1]    FSR
0x0005       [1]    PORTA
0x0007       [1]    PORTC
0x0008       [1]    PORTD
0x000A       [1]    PCLATH
0x000C       [1]    PIR1
0x0018       [1]    RCSTA
0x001A       [1]    RCREG
0x0020       [2]    _p4
0x0022       [2]    _CS1_DAC
0x0024       [2]    _WR_DAC
0x0026       [2]    _p3
0x0028       [2]    ___DoICPAddr
0x002A       [2]    _p1
0x002C       [2]    _i
0x002E       [2]    _p2
0x0030       [1]    main_receive_L0
0x0070       [1]    R0
0x0071       [1]    R1
0x0072       [1]    R2
0x0073       [1]    R3
0x0074       [1]    R4
0x0075       [1]    R5
0x0076       [1]    R6
0x0077       [1]    R7
0x0078       [1]    R8
0x0079       [1]    R9
0x007A       [1]    R10
0x007B       [1]    R11
0x007C       [1]    R12
0x007D       [1]    R13
0x007E       [1]    R14
0x007F       [1]    R15
0x0085       [1]    TRISA
0x0087       [1]    TRISC
0x0087       [0]    TRISC6_bit
0x0087       [0]    TRISC7_bit
0x0088       [1]    TRISD
0x0098       [1]    TXSTA
0x0099       [1]    SPBRG
0x009A       [1]    SPBRGH
0x0188       [1]    ANSEL
0x0189       [1]    ANSELH
//** Label List: ** 
//----------------------------------------------
  L_main0
  L_main1
  L_main2
  L_main3
  L_main4
  L_main5
  L_main6
  L_main7
  L_main8
  L_main9
  L_main10
  L_main11
  L_main12
  L_main13
  L_main14
  L_main15
  L_main16
  L_main17
  L_main18
  L_main19
  L_main20
  L_main21
  L_main22
  L_main23
  L_main24
  L_main25
  L_main26
  L_main27
  L_main28
  L_main29
  L_main30
  L_main31
  L_main32
  L_main33
  L_main34
  L_main35
  L_main36
  L_main37
  L_main38
  L_main39
  L_main40
  L_main41
  L_main42
  L_main43
  L_main44
  L_main45
  L_main46
  L_main47
  L_main48
  L_main49
  L_main50
  L_main51
  L_main52
  L_main53
  L_main54
  L_main55
  L_main56
  L_main57
  L_main58
  L_main59
  L_main60
  L_main61
  L_main62
  L_main63
  L_main64
  L_main65
  L_main66
  L_main67
  L_main68
  L_main69
  L_main70
  L_main71
  L_main72
  L_main73
  L_main74
  L_main75
  L_main76
  L_main77
  L_main78
  L_main79
  L_main80
  L_main81
  L_main82
  L_main83
  L_main84
  L_main85
  L_main86
  L_main87
  L_main88
  L_main89
  L_main90
  L_main91
  L_main92
  L_main93
  L_main94
  L_main95
  L_main96
  L_main97
  L_main98
  L_main99
  L_main100
  L_main101
  L_main102
  L_main103
  L_main104
  L_main105
  L_main106
  L_main107
  L_main108
  L_main109
  L_main110
  L_main111
  L_main112
  L_main113
  L_main114
  L_main115
  L_main116
  L_main117
  L_main118
  L_main119
  L_main120
  L_main121
  L_main122
  L_main123
  L_main124
  L_main125
  L_main126
  L_main127
  L_main128
  L_main129
  L_main130
  L_main131
  L_main132
  L_main133
  L_main134
  L_main135
  L_main136
  L_main137
  L_main138
  L_main139
  L_main140
  L_main141
  L_main142
  L_main143
  L_main144
  L_main145
  L_main146
  L_main147
  L_main148
  L_main149
  L_main150
  L_main151
  L_main152
  L_main153
  L_main154
  L_main155
  L_main156
  L_main157
  L_main158
  L_main159
  L_main160
  L_main161
  L_main162
  L_main163
  L_main164
  L_main165
  L_end_main
  _main
  L__main167
  L__main168
  L__main169
  L__main170
  L_loopCA2AWs
  L_CA2AWend
  _CCA2AW_Loop1
  L_loopCS2Ss
  L_CS2Send
  _CCS2S_Loop1
  L_CCS2Send
  L_loopFZinSWs
  L_FZinSend
  _CC2D_Loop1
  L_end_____DoICP
  _____DoICP
  L_end_____DoIFC
  _____DoIFC
  L_end___CA2AW
  ___CA2AW
  L_end___CCA2AW
  ___CCA2AW
  L_end___CS2S
  ___CS2S
  L_end___CCS2S
  ___CCS2S
  L_end___FZinS
  ___FZinS
  L_end___CC2DW
  ___CC2DW
  L_end_Swap
  _Swap
  L_UART1_Init0
  L_UART1_Init1
  L_UART1_Read2
  L_UART1_Write3
  L_UART1_Write4
  L_UART1_Write_Text5
  L_UART1_Write_Text6
  L_UART1_Read_Text7
  L_UART1_Read_Text8
  L_UART1_Read_Text9
  L_UART1_Read_Text10
  L_UART1_Read_Text11
  L_UART1_Read_Text12
  L_UART1_Read_Text13
  L_UART1_Read_Text14
  L_UART1_Read_Text15
  L_end_UART1_Init
  _UART1_Init
  L_end_UART1_Data_Ready
  _UART1_Data_Ready
  L_end_UART1_Read
  _UART1_Read
  L_end_UART1_Tx_Idle
  _UART1_Tx_Idle
  L_end_UART1_Write
  _UART1_Write
  L_end_UART1_Write_Text
  _UART1_Write_Text
  L_end_UART1_Read_Text
  _UART1_Read_Text
