;  LST file generated by mikroListExporter - v.2.0 
; Date/Time: 21/10/2014 10:18:09 a.m.
;----------------------------------------------

;Address Opcode 	ASM
0x0000	0x2949      	GOTO       329
_interrupt:
0x0004	0x00FF      	MOVWF      R15
0x0005	0x0E03      	SWAPF      STATUS, 0
0x0006	0x0183      	CLRF       STATUS
0x0007	0x00AA      	MOVWF      ___saveSTATUS
0x0008	0x080A      	MOVF       PCLATH, 0
0x0009	0x00AB      	MOVWF      ___savePCLATH
0x000A	0x018A      	CLRF       PCLATH
0x000B	0x0870      	MOVF       R0, 0
0x000C	0x00A0      	MOVWF      32
;MUXDispE5.c,25 :: 		void interrupt() {
;MUXDispE5.c,26 :: 		if (digit_no == 0) {
0x000D	0x0824      	MOVF       _digit_no, 0
0x000E	0x3A00      	XORLW      0
0x000F	0x1D03      	BTFSS      STATUS, 2
0x0010	0x2819      	GOTO       L_interrupt12
;MUXDispE5.c,28 :: 		PORTA = 0;       // Apagar ambos visualizadores
0x0011	0x0185      	CLRF       PORTA
;MUXDispE5.c,29 :: 		PORTB = digit1;  // Colocar máscara para visualizar unidades en el
0x0012	0x0828      	MOVF       _digit1, 0
0x0013	0x0086      	MOVWF      PORTB
;MUXDispE5.c,32 :: 		PORTA = 1;       // Encender el visualizador para las unidades (LSD)
0x0014	0x3001      	MOVLW      1
0x0015	0x0085      	MOVWF      PORTA
;MUXDispE5.c,33 :: 		digit_no = 1;
0x0016	0x3001      	MOVLW      1
0x0017	0x00A4      	MOVWF      _digit_no
;MUXDispE5.c,34 :: 		}else{
0x0018	0x281F      	GOTO       L_interrupt13
L_interrupt12:
;MUXDispE5.c,35 :: 		PORTA = 0;       // Apagar ambos visualizadores
0x0019	0x0185      	CLRF       PORTA
;MUXDispE5.c,36 :: 		PORTB = digit10; // Colocar máscara para visualizar decenas en el
0x001A	0x0827      	MOVF       _digit10, 0
0x001B	0x0086      	MOVWF      PORTB
;MUXDispE5.c,39 :: 		PORTA = 2;       // Encender el visualizador para las decenas (MSD)
0x001C	0x3002      	MOVLW      2
0x001D	0x0085      	MOVWF      PORTA
;MUXDispE5.c,40 :: 		digit_no = 0;
0x001E	0x01A4      	CLRF       _digit_no
;MUXDispE5.c,41 :: 		}
L_interrupt13:
;MUXDispE5.c,43 :: 		TMR0 = 0;          // Reiniciar el contador TMRO
0x001F	0x0181      	CLRF       TMR0
;MUXDispE5.c,44 :: 		INTCON = 0x20;     // Bit T0IF=0, T0IE=1  //comenzar la siguiente rutina.
0x0020	0x3020      	MOVLW      32
0x0021	0x008B      	MOVWF      INTCON
;MUXDispE5.c,45 :: 		}
L_end_interrupt:
L__interrupt38:
0x0022	0x0820      	MOVF       32, 0
0x0023	0x00F0      	MOVWF      R0
0x0024	0x082B      	MOVF       ___savePCLATH, 0
0x0025	0x008A      	MOVWF      PCLATH
0x0026	0x0E2A      	SWAPF      ___saveSTATUS, 0
0x0027	0x0083      	MOVWF      STATUS
0x0028	0x0EFF      	SWAPF      R15, 1
0x0029	0x0E7F      	SWAPF      R15, 0
0x002A	0x0009      	RETFIE
; end of _interrupt
_____DoICP:
;__Lib_System.c,6 :: 		
;__Lib_System.c,9 :: 		
0x002B	0x1283      	BCF        STATUS, 5
0x002C	0x1303      	BCF        STATUS, 6
0x002D	0x0826      	MOVF       ___DoICPAddr+1, 0
0x002E	0x008A      	MOVWF      PCLATH
;__Lib_System.c,10 :: 		
0x002F	0x0825      	MOVF       ___DoICPAddr, 0
0x0030	0x0082      	MOVWF      PCL
;__Lib_System.c,12 :: 		
L_end_____DoICP:
0x0031	0x0008      	RETURN
; end of _____DoICP
_Div_16x16_S_L:
;__Lib_Math.c,420 :: 		
;__Lib_Math.c,426 :: 		
0x0032	0x0D71      	RLF        R1, 0
;__Lib_Math.c,427 :: 		
0x0033	0x0DF8      	RLF        R8, 1
;__Lib_Math.c,428 :: 		
0x0034	0x0DF9      	RLF        R9, 1
;__Lib_Math.c,429 :: 		
0x0035	0x0874      	MOVF       R4, 0
;__Lib_Math.c,430 :: 		
0x0036	0x02F8      	SUBWF      R8, 1
;__Lib_Math.c,431 :: 		
0x0037	0x0875      	MOVF       R5, 0
;__Lib_Math.c,432 :: 		
0x0038	0x1C03      	BTFSS      STATUS, 0
;__Lib_Math.c,433 :: 		
0x0039	0x0F75      	INCFSZ     R5, 0
;__Lib_Math.c,434 :: 		
0x003A	0x02F9      	SUBWF      R9, 1
;__Lib_Math.c,435 :: 		
0x003B	0x0DF0      	RLF        R0, 1
;__Lib_Math.c,436 :: 		
0x003C	0x0DF1      	RLF        R1, 1
;__Lib_Math.c,438 :: 		
0x003D	0x300F      	MOVLW      15
;__Lib_Math.c,439 :: 		
0x003E	0x00FC      	MOVWF      R12
;__Lib_Math.c,441 :: 		
0x003F	0x0D71      	RLF        R1, 0
;__Lib_Math.c,442 :: 		
0x0040	0x0DF8      	RLF        R8, 1
;__Lib_Math.c,443 :: 		
0x0041	0x0DF9      	RLF        R9, 1
;__Lib_Math.c,444 :: 		
0x0042	0x0874      	MOVF       R4, 0
;__Lib_Math.c,446 :: 		
0x0043	0x1C70      	BTFSS      R0, 0
;__Lib_Math.c,447 :: 		
0x0044	0x284B      	GOTO       $+7
;__Lib_Math.c,448 :: 		
0x0045	0x02F8      	SUBWF      R8, 1
;__Lib_Math.c,449 :: 		
0x0046	0x0875      	MOVF       R5, 0
;__Lib_Math.c,450 :: 		
0x0047	0x1C03      	BTFSS      STATUS, 0
;__Lib_Math.c,451 :: 		
0x0048	0x0F75      	INCFSZ     R5, 0
;__Lib_Math.c,452 :: 		
0x0049	0x02F9      	SUBWF      R9, 1
;__Lib_Math.c,453 :: 		
0x004A	0x2850      	GOTO       $+6
;__Lib_Math.c,455 :: 		
0x004B	0x07F8      	ADDWF      R8, 1
;__Lib_Math.c,456 :: 		
0x004C	0x0875      	MOVF       R5, 0
;__Lib_Math.c,457 :: 		
0x004D	0x1803      	BTFSC      STATUS, 0
;__Lib_Math.c,458 :: 		
0x004E	0x0F75      	INCFSZ     R5, 0
;__Lib_Math.c,459 :: 		
0x004F	0x07F9      	ADDWF      R9, 1
;__Lib_Math.c,461 :: 		
0x0050	0x0DF0      	RLF        R0, 1
;__Lib_Math.c,462 :: 		
0x0051	0x0DF1      	RLF        R1, 1
;__Lib_Math.c,464 :: 		
0x0052	0x0BFC      	DECFSZ     R12, 1
;__Lib_Math.c,465 :: 		
0x0053	0x283F      	GOTO       $-20
;__Lib_Math.c,467 :: 		
0x0054	0x1870      	BTFSC      R0, 0
;__Lib_Math.c,468 :: 		
0x0055	0x285C      	GOTO       $+7
;__Lib_Math.c,469 :: 		
0x0056	0x0874      	MOVF       R4, 0
;__Lib_Math.c,470 :: 		
0x0057	0x07F8      	ADDWF      R8, 1
;__Lib_Math.c,471 :: 		
0x0058	0x0875      	MOVF       R5, 0
;__Lib_Math.c,472 :: 		
0x0059	0x1803      	BTFSC      STATUS, 0
;__Lib_Math.c,473 :: 		
0x005A	0x0F75      	INCFSZ     R5, 0
;__Lib_Math.c,474 :: 		
0x005B	0x07F9      	ADDWF      R9, 1
;__Lib_Math.c,475 :: 		
0x005C	0x0000      	NOP
;__Lib_Math.c,477 :: 		
L_end_Div_16x16_S_L:
0x005D	0x0008      	RETURN
; end of _Div_16x16_S_L
___CC2DW:
;__Lib_System.c,134 :: 		
;__Lib_System.c,137 :: 		
_CC2D_Loop1:
;__Lib_System.c,139 :: 		
0x005E	0x202B      	CALL       _____DoICP
0x005F	0x118A      	BCF        PCLATH, 3
0x0060	0x120A      	BCF        PCLATH, 4
;__Lib_System.c,141 :: 		
0x0061	0x0080      	MOVWF      INDF
;__Lib_System.c,142 :: 		
0x0062	0x0A84      	INCF       FSR, 1
;__Lib_System.c,143 :: 		
0x0063	0x0AA5      	INCF       ___DoICPAddr, 1
;__Lib_System.c,145 :: 		
0x0064	0x1903      	BTFSC      STATUS, 2
;__Lib_System.c,146 :: 		
0x0065	0x0AA6      	INCF       ___DoICPAddr+1, 1
;__Lib_System.c,147 :: 		
0x0066	0x03F0      	DECF       R0, 1
;__Lib_System.c,149 :: 		
0x0067	0x1D03      	BTFSS      STATUS, 2
;__Lib_System.c,150 :: 		
0x0068	0x285E      	GOTO       _CC2D_Loop1
;__Lib_System.c,152 :: 		
L_end___CC2DW:
0x0069	0x0008      	RETURN
; end of ___CC2DW
_mask:
;MUXDispE5.c,2 :: 		unsigned short mask(unsigned short num) {
;MUXDispE5.c,3 :: 		switch (num) {
0x006A	0x2889      	GOTO       L_mask0
;MUXDispE5.c,4 :: 		case 0 : return ;
L_mask2:
0x006B	0x28B3      	GOTO       L_end_mask
;MUXDispE5.c,5 :: 		case 1 : return 0x06;
L_mask3:
0x006C	0x3006      	MOVLW      6
0x006D	0x1283      	BCF        STATUS, 5
0x006E	0x1303      	BCF        STATUS, 6
0x006F	0x00F0      	MOVWF      R0
0x0070	0x28B3      	GOTO       L_end_mask
;MUXDispE5.c,6 :: 		case 2 : return 0x5B;
L_mask4:
0x0071	0x305B      	MOVLW      91
0x0072	0x00F0      	MOVWF      R0
0x0073	0x28B3      	GOTO       L_end_mask
;MUXDispE5.c,7 :: 		case 3 : return 0x4F;
L_mask5:
0x0074	0x304F      	MOVLW      79
0x0075	0x00F0      	MOVWF      R0
0x0076	0x28B3      	GOTO       L_end_mask
;MUXDispE5.c,8 :: 		case 4 : return 0x66;
L_mask6:
0x0077	0x3066      	MOVLW      102
0x0078	0x00F0      	MOVWF      R0
0x0079	0x28B3      	GOTO       L_end_mask
;MUXDispE5.c,9 :: 		case 5 : return 0x6D;
L_mask7:
0x007A	0x306D      	MOVLW      109
0x007B	0x00F0      	MOVWF      R0
0x007C	0x28B3      	GOTO       L_end_mask
;MUXDispE5.c,10 :: 		case 6 : return 0x7D;
L_mask8:
0x007D	0x307D      	MOVLW      125
0x007E	0x00F0      	MOVWF      R0
0x007F	0x28B3      	GOTO       L_end_mask
;MUXDispE5.c,11 :: 		case 7 : return 0x07;
L_mask9:
0x0080	0x3007      	MOVLW      7
0x0081	0x00F0      	MOVWF      R0
0x0082	0x28B3      	GOTO       L_end_mask
;MUXDispE5.c,12 :: 		case 8 : return 0x7F;
L_mask10:
0x0083	0x307F      	MOVLW      127
0x0084	0x00F0      	MOVWF      R0
0x0085	0x28B3      	GOTO       L_end_mask
;MUXDispE5.c,13 :: 		case 9 : return 0x6F;
L_mask11:
0x0086	0x306F      	MOVLW      111
0x0087	0x00F0      	MOVWF      R0
0x0088	0x28B3      	GOTO       L_end_mask
;MUXDispE5.c,14 :: 		}
L_mask0:
0x0089	0x1283      	BCF        STATUS, 5
0x008A	0x1303      	BCF        STATUS, 6
0x008B	0x082C      	MOVF       FARG_mask_num, 0
0x008C	0x3A00      	XORLW      0
0x008D	0x1903      	BTFSC      STATUS, 2
0x008E	0x286B      	GOTO       L_mask2
0x008F	0x082C      	MOVF       FARG_mask_num, 0
0x0090	0x3A01      	XORLW      1
0x0091	0x1903      	BTFSC      STATUS, 2
0x0092	0x286C      	GOTO       L_mask3
0x0093	0x082C      	MOVF       FARG_mask_num, 0
0x0094	0x3A02      	XORLW      2
0x0095	0x1903      	BTFSC      STATUS, 2
0x0096	0x2871      	GOTO       L_mask4
0x0097	0x082C      	MOVF       FARG_mask_num, 0
0x0098	0x3A03      	XORLW      3
0x0099	0x1903      	BTFSC      STATUS, 2
0x009A	0x2874      	GOTO       L_mask5
0x009B	0x082C      	MOVF       FARG_mask_num, 0
0x009C	0x3A04      	XORLW      4
0x009D	0x1903      	BTFSC      STATUS, 2
0x009E	0x2877      	GOTO       L_mask6
0x009F	0x082C      	MOVF       FARG_mask_num, 0
0x00A0	0x3A05      	XORLW      5
0x00A1	0x1903      	BTFSC      STATUS, 2
0x00A2	0x287A      	GOTO       L_mask7
0x00A3	0x082C      	MOVF       FARG_mask_num, 0
0x00A4	0x3A06      	XORLW      6
0x00A5	0x1903      	BTFSC      STATUS, 2
0x00A6	0x287D      	GOTO       L_mask8
0x00A7	0x082C      	MOVF       FARG_mask_num, 0
0x00A8	0x3A07      	XORLW      7
0x00A9	0x1903      	BTFSC      STATUS, 2
0x00AA	0x2880      	GOTO       L_mask9
0x00AB	0x082C      	MOVF       FARG_mask_num, 0
0x00AC	0x3A08      	XORLW      8
0x00AD	0x1903      	BTFSC      STATUS, 2
0x00AE	0x2883      	GOTO       L_mask10
0x00AF	0x082C      	MOVF       FARG_mask_num, 0
0x00B0	0x3A09      	XORLW      9
0x00B1	0x1903      	BTFSC      STATUS, 2
0x00B2	0x2886      	GOTO       L_mask11
;MUXDispE5.c,15 :: 		}
L_end_mask:
0x00B3	0x0008      	RETURN
; end of _mask
_UART1_Data_Ready:
;__Lib_UART_c67.c,16 :: 		
;__Lib_UART_c67.c,17 :: 		
0x00B4	0x3000      	MOVLW      0
0x00B5	0x1283      	BCF        STATUS, 5
0x00B6	0x1303      	BCF        STATUS, 6
0x00B7	0x1A8C      	BTFSC      PIR1, 5
0x00B8	0x3001      	MOVLW      1
0x00B9	0x00F0      	MOVWF      R0
;__Lib_UART_c67.c,18 :: 		
L_end_UART1_Data_Ready:
0x00BA	0x0008      	RETURN
; end of _UART1_Data_Ready
_UART1_Init:
;__Lib_UART_c67.c,2 :: 		
;__Lib_UART_c67.c,5 :: 		
0x00BB	0x1683      	BSF        STATUS, 5
0x00BC	0x1303      	BCF        STATUS, 6
0x00BD	0x1698      	BSF        TXSTA, 5
;__Lib_UART_c67.c,6 :: 		
0x00BE	0x3090      	MOVLW      144
0x00BF	0x1283      	BCF        STATUS, 5
0x00C0	0x0098      	MOVWF      RCSTA
;__Lib_UART_c67.c,7 :: 		
0x00C1	0x1683      	BSF        STATUS, 5
0x00C2	0x1787      	BSF        TRISC7_bit, BitPos(TRISC7_bit+0)
;__Lib_UART_c67.c,8 :: 		
0x00C3	0x1307      	BCF        TRISC6_bit, BitPos(TRISC6_bit+0)
;__Lib_UART_c67.c,10 :: 		
L_UART1_Init0:
0x00C4	0x1283      	BCF        STATUS, 5
0x00C5	0x1E8C      	BTFSS      PIR1, 5
0x00C6	0x28CA      	GOTO       L_UART1_Init1
;__Lib_UART_c67.c,11 :: 		
0x00C7	0x081A      	MOVF       RCREG, 0
0x00C8	0x00F0      	MOVWF      R0
0x00C9	0x28C4      	GOTO       L_UART1_Init0
L_UART1_Init1:
;__Lib_UART_c67.c,12 :: 		
L_end_UART1_Init:
0x00CA	0x0008      	RETURN
; end of _UART1_Init
_Div_16x16_S:
;__Lib_Math.c,479 :: 		
;__Lib_Math.c,487 :: 		
0x00CB	0x1283      	BCF        STATUS, 5
0x00CC	0x1303      	BCF        STATUS, 6
0x00CD	0x0874      	MOVF       R4, 0
0x00CE	0x3A00      	XORLW      0
0x00CF	0x1D03      	BTFSS      STATUS, 2
0x00D0	0x28DA      	GOTO       L_Div_16x16_S0
;__Lib_Math.c,488 :: 		
0x00D1	0x0875      	MOVF       R5, 0
0x00D2	0x3A00      	XORLW      0
0x00D3	0x1D03      	BTFSS      STATUS, 2
0x00D4	0x28DA      	GOTO       L_Div_16x16_S1
;__Lib_Math.c,489 :: 		
0x00D5	0x30FF      	MOVLW      255
0x00D6	0x00F0      	MOVWF      R0
;__Lib_Math.c,490 :: 		
0x00D7	0x307F      	MOVLW      127
0x00D8	0x00F1      	MOVWF      R1
;__Lib_Math.c,491 :: 		
0x00D9	0x2933      	GOTO       L_end_Div_16x16_S
;__Lib_Math.c,492 :: 		
L_Div_16x16_S1:
L_Div_16x16_S0:
;__Lib_Math.c,495 :: 		
0x00DA	0x1283      	BCF        STATUS, 5
;__Lib_Math.c,496 :: 		
0x00DB	0x1303      	BCF        STATUS, 6
;__Lib_Math.c,497 :: 		
0x00DC	0x01FD      	CLRF       R13
;__Lib_Math.c,498 :: 		
0x00DD	0x01F9      	CLRF       R9
;__Lib_Math.c,499 :: 		
0x00DE	0x01F8      	CLRF       R8
;__Lib_Math.c,500 :: 		
0x00DF	0x0871      	MOVF       R1, 0
;__Lib_Math.c,501 :: 		
0x00E0	0x0470      	IORWF      R0, 0
;__Lib_Math.c,502 :: 		
0x00E1	0x1903      	BTFSC      STATUS, 2
;__Lib_Math.c,503 :: 		
0x00E2	0x3400      	RETLW      0
;__Lib_Math.c,505 :: 		
0x00E3	0x0871      	MOVF       R1, 0
;__Lib_Math.c,506 :: 		
0x00E4	0x0675      	XORWF      R5, 0
;__Lib_Math.c,507 :: 		
0x00E5	0x00FA      	MOVWF      R10
;__Lib_Math.c,508 :: 		
0x00E6	0x1BFA      	BTFSC      R10, 7
;__Lib_Math.c,509 :: 		
0x00E7	0x09FD      	COMF       R13, 1
;__Lib_Math.c,511 :: 		
0x00E8	0x01FB      	CLRF       R11
;__Lib_Math.c,513 :: 		
0x00E9	0x1FF5      	BTFSS      R5, 7
;__Lib_Math.c,514 :: 		
0x00EA	0x28F0      	GOTO       $+6
;__Lib_Math.c,516 :: 		
0x00EB	0x09F4      	COMF       R4, 1
;__Lib_Math.c,517 :: 		
0x00EC	0x09F5      	COMF       R5, 1
;__Lib_Math.c,518 :: 		
0x00ED	0x0AF4      	INCF       R4, 1
;__Lib_Math.c,519 :: 		
0x00EE	0x1903      	BTFSC      STATUS, 2
;__Lib_Math.c,520 :: 		
0x00EF	0x0AF5      	INCF       R5, 1
;__Lib_Math.c,522 :: 		
0x00F0	0x1FF1      	BTFSS      R1, 7
;__Lib_Math.c,523 :: 		
0x00F1	0x28F7      	GOTO       $+6
;__Lib_Math.c,525 :: 		
0x00F2	0x09F0      	COMF       R0, 1
;__Lib_Math.c,526 :: 		
0x00F3	0x09F1      	COMF       R1, 1
;__Lib_Math.c,527 :: 		
0x00F4	0x0AF0      	INCF       R0, 1
;__Lib_Math.c,528 :: 		
0x00F5	0x1903      	BTFSC      STATUS, 2
;__Lib_Math.c,529 :: 		
0x00F6	0x0AF1      	INCF       R1, 1
;__Lib_Math.c,531 :: 		
0x00F7	0x0871      	MOVF       R1, 0
;__Lib_Math.c,532 :: 		
0x00F8	0x0475      	IORWF      R5, 0
;__Lib_Math.c,533 :: 		
0x00F9	0x00FA      	MOVWF      R10
;__Lib_Math.c,534 :: 		
0x00FA	0x1BFA      	BTFSC      R10, 7
;__Lib_Math.c,535 :: 		
0x00FB	0x290C      	GOTO       $+17
;__Lib_Math.c,537 :: 		
0x00FC	0x2032      	CALL       _Div_16x16_S_L
;__Lib_Math.c,539 :: 		
0x00FD	0x187B      	BTFSC      R11, 0
;__Lib_Math.c,540 :: 		
0x00FE	0x291F      	GOTO       $+33
;__Lib_Math.c,542 :: 		
0x00FF	0x1FFD      	BTFSS      R13, 7
;__Lib_Math.c,543 :: 		
0x0100	0x3400      	RETLW      0
;__Lib_Math.c,545 :: 		
0x0101	0x09F0      	COMF       R0, 1
;__Lib_Math.c,546 :: 		
0x0102	0x09F1      	COMF       R1, 1
;__Lib_Math.c,547 :: 		
0x0103	0x0AF0      	INCF       R0, 1
;__Lib_Math.c,548 :: 		
0x0104	0x1903      	BTFSC      STATUS, 2
;__Lib_Math.c,549 :: 		
0x0105	0x0AF1      	INCF       R1, 1
;__Lib_Math.c,551 :: 		
0x0106	0x09F8      	COMF       R8, 1
;__Lib_Math.c,552 :: 		
0x0107	0x09F9      	COMF       R9, 1
;__Lib_Math.c,553 :: 		
0x0108	0x0AF8      	INCF       R8, 1
;__Lib_Math.c,554 :: 		
0x0109	0x1903      	BTFSC      STATUS, 2
;__Lib_Math.c,555 :: 		
0x010A	0x0AF9      	INCF       R9, 1
;__Lib_Math.c,557 :: 		
0x010B	0x3400      	RETLW      0
;__Lib_Math.c,559 :: 		
0x010C	0x1FF5      	BTFSS      R5, 7
;__Lib_Math.c,560 :: 		
0x010D	0x291B      	GOTO       $+14
;__Lib_Math.c,561 :: 		
0x010E	0x1BF1      	BTFSC      R1, 7
;__Lib_Math.c,562 :: 		
0x010F	0x2917      	GOTO       $+8
;__Lib_Math.c,563 :: 		
0x0110	0x0871      	MOVF       R1, 0
;__Lib_Math.c,564 :: 		
0x0111	0x00F9      	MOVWF      R9
;__Lib_Math.c,565 :: 		
0x0112	0x0870      	MOVF       R0, 0
;__Lib_Math.c,566 :: 		
0x0113	0x00F8      	MOVWF      R8
;__Lib_Math.c,567 :: 		
0x0114	0x01F1      	CLRF       R1
;__Lib_Math.c,568 :: 		
0x0115	0x01F0      	CLRF       R0
;__Lib_Math.c,569 :: 		
0x0116	0x28FF      	GOTO       $-23
;__Lib_Math.c,570 :: 		
0x0117	0x01F1      	CLRF       R1
;__Lib_Math.c,571 :: 		
0x0118	0x01F0      	CLRF       R0
;__Lib_Math.c,572 :: 		
0x0119	0x0AF0      	INCF       R0, 1
;__Lib_Math.c,573 :: 		
0x011A	0x3400      	RETLW      0
;__Lib_Math.c,575 :: 		
0x011B	0x09F1      	COMF       R1, 1
;__Lib_Math.c,576 :: 		
0x011C	0x09F0      	COMF       R0, 1
;__Lib_Math.c,577 :: 		
0x011D	0x0AFB      	INCF       R11, 1
;__Lib_Math.c,578 :: 		
0x011E	0x28FC      	GOTO       $-34
;__Lib_Math.c,580 :: 		
0x011F	0x0AF8      	INCF       R8, 1
;__Lib_Math.c,581 :: 		
0x0120	0x1903      	BTFSC      STATUS, 2
;__Lib_Math.c,582 :: 		
0x0121	0x0AF9      	INCF       R9, 1
;__Lib_Math.c,583 :: 		
0x0122	0x0874      	MOVF       R4, 0
;__Lib_Math.c,584 :: 		
0x0123	0x0278      	SUBWF      R8, 0
;__Lib_Math.c,585 :: 		
0x0124	0x1D03      	BTFSS      STATUS, 2
;__Lib_Math.c,586 :: 		
0x0125	0x28FF      	GOTO       $-38
;__Lib_Math.c,587 :: 		
0x0126	0x0875      	MOVF       R5, 0
;__Lib_Math.c,588 :: 		
0x0127	0x0279      	SUBWF      R9, 0
;__Lib_Math.c,589 :: 		
0x0128	0x1D03      	BTFSS      STATUS, 2
;__Lib_Math.c,590 :: 		
0x0129	0x28FF      	GOTO       $-42
;__Lib_Math.c,591 :: 		
0x012A	0x01F9      	CLRF       R9
;__Lib_Math.c,592 :: 		
0x012B	0x01F8      	CLRF       R8
;__Lib_Math.c,593 :: 		
0x012C	0x0AF0      	INCF       R0, 1
;__Lib_Math.c,594 :: 		
0x012D	0x1903      	BTFSC      STATUS, 2
;__Lib_Math.c,595 :: 		
0x012E	0x0AF1      	INCF       R1, 1
;__Lib_Math.c,596 :: 		
0x012F	0x1FF1      	BTFSS      R1, 7
;__Lib_Math.c,597 :: 		
0x0130	0x28FF      	GOTO       $-49
;__Lib_Math.c,598 :: 		
0x0131	0x0000      	NOP
;__Lib_Math.c,599 :: 		
0x0132	0x34FF      	RETLW      255
;__Lib_Math.c,601 :: 		
L_end_Div_16x16_S:
0x0133	0x0008      	RETURN
; end of _Div_16x16_S
_UART1_Read:
;__Lib_UART_c67.c,21 :: 		
;__Lib_UART_c67.c,24 :: 		
0x0134	0x1283      	BCF        STATUS, 5
0x0135	0x1303      	BCF        STATUS, 6
0x0136	0x081A      	MOVF       RCREG, 0
0x0137	0x00F1      	MOVWF      R1
;__Lib_UART_c67.c,25 :: 		
0x0138	0x1C98      	BTFSS      RCSTA, 1
0x0139	0x293C      	GOTO       L_UART1_Read2
;__Lib_UART_c67.c,26 :: 		
0x013A	0x1218      	BCF        RCSTA, 4
;__Lib_UART_c67.c,27 :: 		
0x013B	0x1618      	BSF        RCSTA, 4
;__Lib_UART_c67.c,28 :: 		
L_UART1_Read2:
;__Lib_UART_c67.c,29 :: 		
0x013C	0x0871      	MOVF       R1, 0
0x013D	0x00F0      	MOVWF      R0
;__Lib_UART_c67.c,30 :: 		
L_end_UART1_Read:
0x013E	0x0008      	RETURN
; end of _UART1_Read
_UART1_Write:
;__Lib_UART_c67.c,39 :: 		
;__Lib_UART_c67.c,40 :: 		
L_UART1_Write3:
0x013F	0x1683      	BSF        STATUS, 5
0x0140	0x1303      	BCF        STATUS, 6
0x0141	0x1898      	BTFSC      TXSTA, 1
0x0142	0x2945      	GOTO       L_UART1_Write4
;__Lib_UART_c67.c,41 :: 		
0x0143	0x0000      	NOP
0x0144	0x293F      	GOTO       L_UART1_Write3
L_UART1_Write4:
;__Lib_UART_c67.c,42 :: 		
0x0145	0x1283      	BCF        STATUS, 5
0x0146	0x082C      	MOVF       FARG_UART1_Write_data_, 0
0x0147	0x0099      	MOVWF      TXREG
;__Lib_UART_c67.c,43 :: 		
L_end_UART1_Write:
0x0148	0x0008      	RETURN
; end of _UART1_Write
_main:
0x0149	0x1283      	BCF        STATUS, 5
0x014A	0x1303      	BCF        STATUS, 6
0x014B	0x01A1      	CLRF       _digitU
0x014C	0x01A2      	CLRF       _t
0x014D	0x01A3      	CLRF       35
;MUXDispE5.c,49 :: 		void main() {
;MUXDispE5.c,50 :: 		ANSEL = 0;
0x014E	0x1683      	BSF        STATUS, 5
0x014F	0x1703      	BSF        STATUS, 6
0x0150	0x0188      	CLRF       ANSEL
;MUXDispE5.c,51 :: 		ANSELH = 0;
0x0151	0x0189      	CLRF       ANSELH
;MUXDispE5.c,53 :: 		TRISA = 0;           // TODOS LOS PINES EN EL PORTA COMO SALIDAS DIGITALES
0x0152	0x1303      	BCF        STATUS, 6
0x0153	0x0185      	CLRF       TRISA
;MUXDispE5.c,54 :: 		PORTA = 0;  //VALOR INICIAL PARA PORTA
0x0154	0x1283      	BCF        STATUS, 5
0x0155	0x0185      	CLRF       PORTA
;MUXDispE5.c,56 :: 		TRISB = 0B10000000; //TODOS LOS PINES EN EL PUERTOB COMO SALIDAS DIGITALES
0x0156	0x3080      	MOVLW      128
0x0157	0x1683      	BSF        STATUS, 5
0x0158	0x0086      	MOVWF      TRISB
;MUXDispE5.c,57 :: 		PORTB = 0; //VALOR INICIAL PARA PORTB
0x0159	0x1283      	BCF        STATUS, 5
0x015A	0x0186      	CLRF       PORTB
;MUXDispE5.c,59 :: 		TRISD.B2 = 1;
0x015B	0x1683      	BSF        STATUS, 5
0x015C	0x1508      	BSF        TRISD, 2
;MUXDispE5.c,60 :: 		PORTD.B2 = 0;
0x015D	0x1283      	BCF        STATUS, 5
0x015E	0x1108      	BCF        PORTD, 2
;MUXDispE5.c,62 :: 		OPTION_REG = 0B10000000;  //CONFIGURANDO TMR0 0X80   //preescaler 1:2
0x015F	0x3080      	MOVLW      128
0x0160	0x1683      	BSF        STATUS, 5
0x0161	0x0081      	MOVWF      OPTION_REG
;MUXDispE5.c,63 :: 		TMR0 =  0;     //REINICIANDO TEMPORIZADfOR
0x0162	0x1283      	BCF        STATUS, 5
0x0163	0x0181      	CLRF       TMR0
;MUXDispE5.c,64 :: 		INTCON = 0B10100000;  //HABILITAR INTERRUPCION POR DESBORDAMIENTO EN TMRO Y GIE=1  0xA0
0x0164	0x30A0      	MOVLW      160
0x0165	0x008B      	MOVWF      INTCON
;MUXDispE5.c,65 :: 		UART1_INIT(300);
0x0166	0x30CF      	MOVLW      207
0x0167	0x1683      	BSF        STATUS, 5
0x0168	0x0099      	MOVWF      SPBRG
0x0169	0x1118      	BCF        TXSTA, 2
0x016A	0x20BB      	CALL       _UART1_Init
;MUXDispE5.c,66 :: 		delay_ms(100);
0x016B	0x3082      	MOVLW      130
0x016C	0x00FC      	MOVWF      R12
0x016D	0x30DD      	MOVLW      221
0x016E	0x00FD      	MOVWF      R13
L_main14:
0x016F	0x0BFD      	DECFSZ     R13, 1
0x0170	0x296F      	GOTO       L_main14
0x0171	0x0BFC      	DECFSZ     R12, 1
0x0172	0x296F      	GOTO       L_main14
0x0173	0x0000      	NOP
0x0174	0x0000      	NOP
;MUXDispE5.c,68 :: 		while(1){
L_main15:
;MUXDispE5.c,70 :: 		if (Uart1_Data_Ready()==1){
0x0175	0x20B4      	CALL       _UART1_Data_Ready
0x0176	0x0870      	MOVF       R0, 0
0x0177	0x3A01      	XORLW      1
0x0178	0x1D03      	BTFSS      STATUS, 2
0x0179	0x29FC      	GOTO       L_main17
;MUXDispE5.c,71 :: 		digitU = UART1_READ();
0x017A	0x2134      	CALL       _UART1_Read
0x017B	0x0870      	MOVF       R0, 0
0x017C	0x00A1      	MOVWF      _digitU
;MUXDispE5.c,73 :: 		switch (digitU){
0x017D	0x29C4      	GOTO       L_main18
;MUXDispE5.c,74 :: 		case '0': {t=48; break;}
L_main20:
0x017E	0x3030      	MOVLW      48
0x017F	0x00A2      	MOVWF      _t
0x0180	0x3000      	MOVLW      0
0x0181	0x00A3      	MOVWF      _t+1
0x0182	0x29FC      	GOTO       L_main19
;MUXDispE5.c,75 :: 		case '1': {t=49; break;}
L_main21:
0x0183	0x3031      	MOVLW      49
0x0184	0x00A2      	MOVWF      _t
0x0185	0x3000      	MOVLW      0
0x0186	0x00A3      	MOVWF      _t+1
0x0187	0x29FC      	GOTO       L_main19
;MUXDispE5.c,76 :: 		case '2': {t=50; break;}
L_main22:
0x0188	0x3032      	MOVLW      50
0x0189	0x00A2      	MOVWF      _t
0x018A	0x3000      	MOVLW      0
0x018B	0x00A3      	MOVWF      _t+1
0x018C	0x29FC      	GOTO       L_main19
;MUXDispE5.c,77 :: 		case '3': {t=51; break;}
L_main23:
0x018D	0x3033      	MOVLW      51
0x018E	0x00A2      	MOVWF      _t
0x018F	0x3000      	MOVLW      0
0x0190	0x00A3      	MOVWF      _t+1
0x0191	0x29FC      	GOTO       L_main19
;MUXDispE5.c,78 :: 		case '4': {t=52; break;}
L_main24:
0x0192	0x3034      	MOVLW      52
0x0193	0x00A2      	MOVWF      _t
0x0194	0x3000      	MOVLW      0
0x0195	0x00A3      	MOVWF      _t+1
0x0196	0x29FC      	GOTO       L_main19
;MUXDispE5.c,79 :: 		case '5': {t=53; break;}
L_main25:
0x0197	0x3035      	MOVLW      53
0x0198	0x00A2      	MOVWF      _t
0x0199	0x3000      	MOVLW      0
0x019A	0x00A3      	MOVWF      _t+1
0x019B	0x29FC      	GOTO       L_main19
;MUXDispE5.c,80 :: 		case '6': {t=54; break;}
L_main26:
0x019C	0x3036      	MOVLW      54
0x019D	0x00A2      	MOVWF      _t
0x019E	0x3000      	MOVLW      0
0x019F	0x00A3      	MOVWF      _t+1
0x01A0	0x29FC      	GOTO       L_main19
;MUXDispE5.c,81 :: 		case '7': {t=55; break;}
L_main27:
0x01A1	0x3037      	MOVLW      55
0x01A2	0x00A2      	MOVWF      _t
0x01A3	0x3000      	MOVLW      0
0x01A4	0x00A3      	MOVWF      _t+1
0x01A5	0x29FC      	GOTO       L_main19
;MUXDispE5.c,82 :: 		case '8': {t=56; break;}
L_main28:
0x01A6	0x3038      	MOVLW      56
0x01A7	0x00A2      	MOVWF      _t
0x01A8	0x3000      	MOVLW      0
0x01A9	0x00A3      	MOVWF      _t+1
0x01AA	0x29FC      	GOTO       L_main19
;MUXDispE5.c,83 :: 		case '9': {t=57; break;}
L_main29:
0x01AB	0x3039      	MOVLW      57
0x01AC	0x00A2      	MOVWF      _t
0x01AD	0x3000      	MOVLW      0
0x01AE	0x00A3      	MOVWF      _t+1
0x01AF	0x29FC      	GOTO       L_main19
;MUXDispE5.c,84 :: 		case '+': {t=43; break;}
L_main30:
0x01B0	0x302B      	MOVLW      43
0x01B1	0x00A2      	MOVWF      _t
0x01B2	0x3000      	MOVLW      0
0x01B3	0x00A3      	MOVWF      _t+1
0x01B4	0x29FC      	GOTO       L_main19
;MUXDispE5.c,85 :: 		case '-': {t=45; break;}
L_main31:
0x01B5	0x302D      	MOVLW      45
0x01B6	0x00A2      	MOVWF      _t
0x01B7	0x3000      	MOVLW      0
0x01B8	0x00A3      	MOVWF      _t+1
0x01B9	0x29FC      	GOTO       L_main19
;MUXDispE5.c,86 :: 		case '*': {t=42; break;}
L_main32:
0x01BA	0x302A      	MOVLW      42
0x01BB	0x00A2      	MOVWF      _t
0x01BC	0x3000      	MOVLW      0
0x01BD	0x00A3      	MOVWF      _t+1
0x01BE	0x29FC      	GOTO       L_main19
;MUXDispE5.c,87 :: 		case '/': {t=47; break;}
L_main33:
0x01BF	0x302F      	MOVLW      47
0x01C0	0x00A2      	MOVWF      _t
0x01C1	0x3000      	MOVLW      0
0x01C2	0x00A3      	MOVWF      _t+1
0x01C3	0x29FC      	GOTO       L_main19
;MUXDispE5.c,88 :: 		}
L_main18:
0x01C4	0x0821      	MOVF       _digitU, 0
0x01C5	0x3A30      	XORLW      48
0x01C6	0x1903      	BTFSC      STATUS, 2
0x01C7	0x297E      	GOTO       L_main20
0x01C8	0x0821      	MOVF       _digitU, 0
0x01C9	0x3A31      	XORLW      49
0x01CA	0x1903      	BTFSC      STATUS, 2
0x01CB	0x2983      	GOTO       L_main21
0x01CC	0x0821      	MOVF       _digitU, 0
0x01CD	0x3A32      	XORLW      50
0x01CE	0x1903      	BTFSC      STATUS, 2
0x01CF	0x2988      	GOTO       L_main22
0x01D0	0x0821      	MOVF       _digitU, 0
0x01D1	0x3A33      	XORLW      51
0x01D2	0x1903      	BTFSC      STATUS, 2
0x01D3	0x298D      	GOTO       L_main23
0x01D4	0x0821      	MOVF       _digitU, 0
0x01D5	0x3A34      	XORLW      52
0x01D6	0x1903      	BTFSC      STATUS, 2
0x01D7	0x2992      	GOTO       L_main24
0x01D8	0x0821      	MOVF       _digitU, 0
0x01D9	0x3A35      	XORLW      53
0x01DA	0x1903      	BTFSC      STATUS, 2
0x01DB	0x2997      	GOTO       L_main25
0x01DC	0x0821      	MOVF       _digitU, 0
0x01DD	0x3A36      	XORLW      54
0x01DE	0x1903      	BTFSC      STATUS, 2
0x01DF	0x299C      	GOTO       L_main26
0x01E0	0x0821      	MOVF       _digitU, 0
0x01E1	0x3A37      	XORLW      55
0x01E2	0x1903      	BTFSC      STATUS, 2
0x01E3	0x29A1      	GOTO       L_main27
0x01E4	0x0821      	MOVF       _digitU, 0
0x01E5	0x3A38      	XORLW      56
0x01E6	0x1903      	BTFSC      STATUS, 2
0x01E7	0x29A6      	GOTO       L_main28
0x01E8	0x0821      	MOVF       _digitU, 0
0x01E9	0x3A39      	XORLW      57
0x01EA	0x1903      	BTFSC      STATUS, 2
0x01EB	0x29AB      	GOTO       L_main29
0x01EC	0x0821      	MOVF       _digitU, 0
0x01ED	0x3A2B      	XORLW      43
0x01EE	0x1903      	BTFSC      STATUS, 2
0x01EF	0x29B0      	GOTO       L_main30
0x01F0	0x0821      	MOVF       _digitU, 0
0x01F1	0x3A2D      	XORLW      45
0x01F2	0x1903      	BTFSC      STATUS, 2
0x01F3	0x29B5      	GOTO       L_main31
0x01F4	0x0821      	MOVF       _digitU, 0
0x01F5	0x3A2A      	XORLW      42
0x01F6	0x1903      	BTFSC      STATUS, 2
0x01F7	0x29BA      	GOTO       L_main32
0x01F8	0x0821      	MOVF       _digitU, 0
0x01F9	0x3A2F      	XORLW      47
0x01FA	0x1903      	BTFSC      STATUS, 2
0x01FB	0x29BF      	GOTO       L_main33
L_main19:
;MUXDispE5.c,89 :: 		}
L_main17:
;MUXDispE5.c,90 :: 		digit = t % 10u;  //OPERACION PARA EXTRAER LAS UNIDADES
0x01FC	0x300A      	MOVLW      10
0x01FD	0x00F4      	MOVWF      R4
0x01FE	0x01F5      	CLRF       R4+1
0x01FF	0x0822      	MOVF       _t, 0
0x0200	0x00F0      	MOVWF      R0
0x0201	0x0823      	MOVF       _t+1, 0
0x0202	0x00F1      	MOVWF      R0+1
0x0203	0x20CB      	CALL       _Div_16x16_S
0x0204	0x0878      	MOVF       R8, 0
0x0205	0x00F0      	MOVWF      R0
0x0206	0x0879      	MOVF       R8+1, 0
0x0207	0x00F1      	MOVWF      R0+1
0x0208	0x0870      	MOVF       R0, 0
0x0209	0x00A9      	MOVWF      _digit
;MUXDispE5.c,91 :: 		digit1 = mask(digit); //EN DIGT1 ESTA LA MASCARA PARA MOSTRAR LAS UNIDADES
0x020A	0x0870      	MOVF       R0, 0
0x020B	0x00AC      	MOVWF      FARG_mask_num
0x020C	0x206A      	CALL       _mask
0x020D	0x1283      	BCF        STATUS, 5
0x020E	0x1303      	BCF        STATUS, 6
0x020F	0x0870      	MOVF       R0, 0
0x0210	0x00A8      	MOVWF      _digit1
;MUXDispE5.c,92 :: 		digit = (t / 10u) % 10u;  //OPERACION PARA EXTRAER LAS DECENAS
0x0211	0x300A      	MOVLW      10
0x0212	0x00F4      	MOVWF      R4
0x0213	0x01F5      	CLRF       R4+1
0x0214	0x0822      	MOVF       _t, 0
0x0215	0x00F0      	MOVWF      R0
0x0216	0x0823      	MOVF       _t+1, 0
0x0217	0x00F1      	MOVWF      R0+1
0x0218	0x20CB      	CALL       _Div_16x16_S
0x0219	0x300A      	MOVLW      10
0x021A	0x00F4      	MOVWF      R4
0x021B	0x01F5      	CLRF       R4+1
0x021C	0x20CB      	CALL       _Div_16x16_S
0x021D	0x0878      	MOVF       R8, 0
0x021E	0x00F0      	MOVWF      R0
0x021F	0x0879      	MOVF       R8+1, 0
0x0220	0x00F1      	MOVWF      R0+1
0x0221	0x0870      	MOVF       R0, 0
0x0222	0x00A9      	MOVWF      _digit
;MUXDispE5.c,93 :: 		digit10 = mask(digit); //EN DIGIT10 ESTA LA MASCARA PARA MOSTRAR LAS DECENAS
0x0223	0x0870      	MOVF       R0, 0
0x0224	0x00AC      	MOVWF      FARG_mask_num
0x0225	0x206A      	CALL       _mask
0x0226	0x1283      	BCF        STATUS, 5
0x0227	0x1303      	BCF        STATUS, 6
0x0228	0x0870      	MOVF       R0, 0
0x0229	0x00A7      	MOVWF      _digit10
;MUXDispE5.c,94 :: 		delay_ms(1);
0x022A	0x3002      	MOVLW      2
0x022B	0x00FC      	MOVWF      R12
0x022C	0x304B      	MOVLW      75
0x022D	0x00FD      	MOVWF      R13
L_main34:
0x022E	0x0BFD      	DECFSZ     R13, 1
0x022F	0x2A2E      	GOTO       L_main34
0x0230	0x0BFC      	DECFSZ     R12, 1
0x0231	0x2A2E      	GOTO       L_main34
;MUXDispE5.c,96 :: 		if (PORTD.B2 == 1){
0x0232	0x1D08      	BTFSS      PORTD, 2
0x0233	0x2A37      	GOTO       L_main35
;MUXDispE5.c,97 :: 		Uart1_write(50);//envio 2
0x0234	0x3032      	MOVLW      50
0x0235	0x00AC      	MOVWF      FARG_UART1_Write_data_
0x0236	0x213F      	CALL       _UART1_Write
;MUXDispE5.c,98 :: 		}
L_main35:
;MUXDispE5.c,101 :: 		}
0x0237	0x2975      	GOTO       L_main15
;MUXDispE5.c,102 :: 		}
L_end_main:
0x0238	0x2A38      	GOTO       $+0
; end of _main
Symbol List:
//** Routines locations **
//ADDRESS    SIZE    PROCEDURE
//----------------------------------------------
0x0004      [39]    _interrupt
0x002B       [7]    _____DoICP
0x0032      [44]    _Div_16x16_S_L
0x005E      [12]    ___CC2DW
0x006A      [74]    _mask
0x00B4       [7]    _UART1_Data_Ready
0x00BB      [16]    _UART1_Init
0x00CB     [105]    _Div_16x16_S
0x0134      [11]    _UART1_Read
0x013F      [10]    _UART1_Write
0x0149     [240]    _main
//** Variables locations ** 
//ADDRESS    SIZE    VARIABLE
//----------------------------------------------
0x0000       [1]    INDF
0x0001       [1]    TMR0
0x0002       [1]    PCL
0x0003       [1]    STATUS
0x0004       [1]    FSR
0x0005       [1]    PORTA
0x0006       [1]    PORTB
0x0008       [1]    PORTD
0x000A       [1]    PCLATH
0x000B       [1]    INTCON
0x000C       [1]    PIR1
0x0018       [1]    RCSTA
0x0019       [1]    TXREG
0x001A       [1]    RCREG
0x0021       [1]    _digitU
0x0022       [2]    _t
0x0024       [1]    _digit_no
0x0025       [2]    ___DoICPAddr
0x0027       [1]    _digit10
0x0028       [1]    _digit1
0x0029       [1]    _digit
0x002A       [1]    ___saveSTATUS
0x002B       [1]    ___savePCLATH
0x002C       [1]    FARG_UART1_Write_data_
0x002C       [1]    FARG_mask_num
0x0070       [1]    R0
0x0071       [1]    R1
0x0072       [1]    R2
0x0073       [1]    R3
0x0074       [1]    R4
0x0075       [1]    R5
0x0076       [1]    R6
0x0077       [1]    R7
0x0078       [1]    R8
0x0079       [1]    R9
0x007A       [1]    R10
0x007B       [1]    R11
0x007C       [1]    R12
0x007D       [1]    R13
0x007E       [1]    R14
0x007F       [1]    R15
0x0081       [1]    OPTION_REG
0x0085       [1]    TRISA
0x0086       [1]    TRISB
0x0087       [0]    TRISC7_bit
0x0087       [0]    TRISC6_bit
0x0088       [1]    TRISD
0x0098       [1]    TXSTA
0x0099       [1]    SPBRG
0x009A       [1]    SPBRGH
0x0188       [1]    ANSEL
0x0189       [1]    ANSELH
//** Label List: ** 
//----------------------------------------------
  L_mask0
  L_mask1
  L_mask2
  L_mask3
  L_mask4
  L_mask5
  L_mask6
  L_mask7
  L_mask8
  L_mask9
  L_mask10
  L_mask11
  L_interrupt12
  L_interrupt13
  L_main14
  L_main15
  L_main16
  L_main17
  L_main18
  L_main19
  L_main20
  L_main21
  L_main22
  L_main23
  L_main24
  L_main25
  L_main26
  L_main27
  L_main28
  L_main29
  L_main30
  L_main31
  L_main32
  L_main33
  L_main34
  L_main35
  L_end_mask
  _mask
  L_end_interrupt
  _interrupt
  L__interrupt38
  L_end_main
  _main
  L_Div_16x16_S0
  L_Div_16x16_S1
  LOOPS3232A
  SADD22LA
  SOK22LA
  SADD22L8
  SOK22L8
  LOOPS3232B
  SADD22LB
  SOK22LB
  SADD22L16
  SOK22L16
  LOOPS3232C
  SADD22LC
  SOK22LC
  SADD22L24
  SOK22L24
  LOOPS3232D
  SADD22LD
  SOK22LD
  SOK22L
  L_Div_32x32_S6
  L_Div_32x32_S7
  L_Div_32x32_S8
  L_Div_32x32_S9
  FXD3232S
  END_ALL
  CA3232S
  C3232SX
  C3232SX1
  C3232S
  C3232S2
  C3232SX4
  C3232SOK
  C3232SX3
  C3232SX2
  avoid_comfrem
  LOOPU3232A
  UADD22LA
  UOK22LA
  UADD22L8
  UOK22L8
  LOOPU3232B
  UADD22LB
  UOK22LB
  UADD22L16
  UOK22L16
  LOOPU3232C
  UADD22LC
  UOK22LC
  UADD22L24
  UOK22L24
  LOOPU3232D
  UADD22LD
  UOK22LD
  UOK22L
  _NEXT
  _EXIT2
  _LOOP
  _EXIT1
  _IF_FIRST
  _IF_SECOND
  _INVERCE_FIRST
  _MULT
  _INBERSE_SECOND
  _EXIT
  L_end_Mul_8x8_U
  _Mul_8x8_U
  L_end_Mul_16x16_U
  _Mul_16x16_U
  L_end_Div_8x8_U
  _Div_8x8_U
  L_end_Div_16x16_U
  _Div_16x16_U
  L_end_Mul_8x8_S
  _Mul_8x8_S
  L_end_Mul_16x16_S
  _Mul_16x16_S
  L_end_Div_16x16_S_L
  _Div_16x16_S_L
  L_end_Div_16x16_S
  _Div_16x16_S
  L_end_Div_8x8_S
  _Div_8x8_S
  L_end_SDIV3232L
  _SDIV3232L
  L_end_COMFREM
  _COMFREM
  L_end_Div_32x32_S
  _Div_32x32_S
  L_end_Div_32x32_U
  _Div_32x32_U
  L_end_Mul_32x32_U
  _Mul_32x32_U
  L_end_Mul_32x32_S
  _Mul_32x32_S
  L_loopCA2AWs
  L_CA2AWend
  _CCA2AW_Loop1
  L_loopCS2Ss
  L_CS2Send
  _CCS2S_Loop1
  L_CCS2Send
  L_loopFZinSWs
  L_FZinSend
  _CC2D_Loop1
  L_end_____DoICP
  _____DoICP
  L_end_____DoIFC
  _____DoIFC
  L_end___CA2AW
  ___CA2AW
  L_end___CCA2AW
  ___CCA2AW
  L_end___CS2S
  ___CS2S
  L_end___CCS2S
  ___CCS2S
  L_end___FZinS
  ___FZinS
  L_end___CC2DW
  ___CC2DW
  L_end_Swap
  _Swap
  L_UART1_Init0
  L_UART1_Init1
  L_UART1_Read2
  L_UART1_Write3
  L_UART1_Write4
  L_UART1_Write_Text5
  L_UART1_Write_Text6
  L_UART1_Read_Text7
  L_UART1_Read_Text8
  L_UART1_Read_Text9
  L_UART1_Read_Text10
  L_UART1_Read_Text11
  L_UART1_Read_Text12
  L_UART1_Read_Text13
  L_UART1_Read_Text14
  L_UART1_Read_Text15
  L_end_UART1_Init
  _UART1_Init
  L_end_UART1_Data_Ready
  _UART1_Data_Ready
  L_end_UART1_Read
  _UART1_Read
  L_end_UART1_Tx_Idle
  _UART1_Tx_Idle
  L_end_UART1_Write
  _UART1_Write
  L_end_UART1_Write_Text
  _UART1_Write_Text
  L_end_UART1_Read_Text
  _UART1_Read_Text
  L_mask0
  L_mask1
  L_mask2
  L_mask3
  L_mask4
  L_mask5
  L_mask6
  L_mask7
  L_mask8
  L_mask9
  L_mask10
  L_mask11
  L_interrupt12
  L_interrupt13
  L_main14
  L_main15
  L_main16
  L_main17
  L_main18
  L_main19
  L_main20
  L_main21
  L_main22
  L_main23
  L_main24
  L_main25
  L_main26
  L_main27
  L_main28
  L_main29
  L_main30
  L_main31
  L_main32
  L_main33
  L_main34
  L_main35
  L_end_mask
  _mask
  L_end_interrupt
  _interrupt
  L__interrupt38
  L_end_main
  _main
