;  LST file generated by mikroListExporter - v.2.0 
; Date/Time: 15/10/2014 06:24:38 a.m.
;----------------------------------------------

;Address Opcode 	ASM
0x0000	0x283D      	GOTO       61
_____DoICP:
;__Lib_System.c,6 :: 		
;__Lib_System.c,9 :: 		
0x0003	0x1283      	BCF        STATUS, 5
0x0004	0x1303      	BCF        STATUS, 6
0x0005	0x0827      	MOVF       ___DoICPAddr+1, 0
0x0006	0x008A      	MOVWF      PCLATH
;__Lib_System.c,10 :: 		
0x0007	0x0826      	MOVF       ___DoICPAddr, 0
0x0008	0x0082      	MOVWF      PCL
;__Lib_System.c,12 :: 		
L_end_____DoICP:
0x0009	0x0008      	RETURN
; end of _____DoICP
___CC2DW:
;__Lib_System.c,134 :: 		
;__Lib_System.c,137 :: 		
_CC2D_Loop1:
;__Lib_System.c,139 :: 		
0x000A	0x2003      	CALL       _____DoICP
0x000B	0x118A      	BCF        PCLATH, 3
0x000C	0x120A      	BCF        PCLATH, 4
;__Lib_System.c,141 :: 		
0x000D	0x0080      	MOVWF      INDF
;__Lib_System.c,142 :: 		
0x000E	0x0A84      	INCF       FSR, 1
;__Lib_System.c,143 :: 		
0x000F	0x0AA6      	INCF       ___DoICPAddr, 1
;__Lib_System.c,145 :: 		
0x0010	0x1903      	BTFSC      STATUS, 2
;__Lib_System.c,146 :: 		
0x0011	0x0AA7      	INCF       ___DoICPAddr+1, 1
;__Lib_System.c,147 :: 		
0x0012	0x03F0      	DECF       R0, 1
;__Lib_System.c,149 :: 		
0x0013	0x1D03      	BTFSS      STATUS, 2
;__Lib_System.c,150 :: 		
0x0014	0x280A      	GOTO       _CC2D_Loop1
;__Lib_System.c,152 :: 		
L_end___CC2DW:
0x0015	0x0008      	RETURN
; end of ___CC2DW
_UART1_Init:
;__Lib_UART_c67.c,2 :: 		
;__Lib_UART_c67.c,5 :: 		
0x0016	0x1683      	BSF        STATUS, 5
0x0017	0x1303      	BCF        STATUS, 6
0x0018	0x1698      	BSF        TXSTA, 5
;__Lib_UART_c67.c,6 :: 		
0x0019	0x3090      	MOVLW      144
0x001A	0x1283      	BCF        STATUS, 5
0x001B	0x0098      	MOVWF      RCSTA
;__Lib_UART_c67.c,7 :: 		
0x001C	0x1683      	BSF        STATUS, 5
0x001D	0x1787      	BSF        TRISC7_bit, BitPos(TRISC7_bit+0)
;__Lib_UART_c67.c,8 :: 		
0x001E	0x1307      	BCF        TRISC6_bit, BitPos(TRISC6_bit+0)
;__Lib_UART_c67.c,10 :: 		
L_UART1_Init0:
0x001F	0x1283      	BCF        STATUS, 5
0x0020	0x1E8C      	BTFSS      PIR1, 5
0x0021	0x2825      	GOTO       L_UART1_Init1
;__Lib_UART_c67.c,11 :: 		
0x0022	0x081A      	MOVF       RCREG, 0
0x0023	0x00F0      	MOVWF      R0
0x0024	0x281F      	GOTO       L_UART1_Init0
L_UART1_Init1:
;__Lib_UART_c67.c,12 :: 		
L_end_UART1_Init:
0x0025	0x0008      	RETURN
; end of _UART1_Init
_SET_UP:
;DACCOM1.c,42 :: 		void SET_UP(){
;DACCOM1.c,43 :: 		ANSEL = 0;
0x0026	0x1683      	BSF        STATUS, 5
0x0027	0x1703      	BSF        STATUS, 6
0x0028	0x0188      	CLRF       ANSEL
;DACCOM1.c,44 :: 		ANSELH = 0;
0x0029	0x0189      	CLRF       ANSELH
;DACCOM1.c,45 :: 		i= 0;
0x002A	0x1283      	BCF        STATUS, 5
0x002B	0x1303      	BCF        STATUS, 6
0x002C	0x01A4      	CLRF       _i
0x002D	0x01A5      	CLRF       _i+1
;DACCOM1.c,47 :: 		TRISD = 0x00;
0x002E	0x1683      	BSF        STATUS, 5
0x002F	0x0188      	CLRF       TRISD
;DACCOM1.c,48 :: 		PORTD = 0;     //VALOR INICIAL
0x0030	0x1283      	BCF        STATUS, 5
0x0031	0x0188      	CLRF       PORTD
;DACCOM1.c,50 :: 		TRISC.B7 = 0x01;               //RX
0x0032	0x1683      	BSF        STATUS, 5
0x0033	0x1787      	BSF        TRISC, 7
;DACCOM1.c,51 :: 		PORTC.B7 = 0; //VALOR INICIAL 0
0x0034	0x1283      	BCF        STATUS, 5
0x0035	0x1387      	BCF        PORTC, 7
;DACCOM1.c,53 :: 		TRISC.B0 = 0x00;
0x0036	0x1683      	BSF        STATUS, 5
0x0037	0x1007      	BCF        TRISC, 0
;DACCOM1.c,54 :: 		TRISC.B1 = 0x00;             //PINC.B0,B1 COMO SALIDAS DIGITALTES
0x0038	0x1087      	BCF        TRISC, 1
;DACCOM1.c,55 :: 		PORTC.B0 = 0x00;
0x0039	0x1283      	BCF        STATUS, 5
0x003A	0x1007      	BCF        PORTC, 0
;DACCOM1.c,56 :: 		PORTC.B1 = 0x00;
0x003B	0x1087      	BCF        PORTC, 1
;DACCOM1.c,59 :: 		}
L_end_SET_UP:
0x003C	0x0008      	RETURN
; end of _SET_UP
_main:
0x003D	0x1283      	BCF        STATUS, 5
0x003E	0x1303      	BCF        STATUS, 6
0x003F	0x01A0      	CLRF       _CS1_DAC
0x0040	0x01A1      	CLRF       33
0x0041	0x01A2      	CLRF       _WR_DAC
0x0042	0x01A3      	CLRF       35
;DACCOM1.c,11 :: 		void main() {
;DACCOM1.c,13 :: 		SET_UP();
0x0043	0x2026      	CALL       _SET_UP
;DACCOM1.c,17 :: 		UART1_Init(115200);
0x0044	0x3001      	MOVLW      1
0x0045	0x1683      	BSF        STATUS, 5
0x0046	0x0099      	MOVWF      SPBRG
0x0047	0x1518      	BSF        TXSTA, 2
0x0048	0x2016      	CALL       _UART1_Init
;DACCOM1.c,18 :: 		Delay_ms(200);
0x0049	0x3002      	MOVLW      2
0x004A	0x00FB      	MOVWF      R11
0x004B	0x3004      	MOVLW      4
0x004C	0x00FC      	MOVWF      R12
0x004D	0x30BA      	MOVLW      186
0x004E	0x00FD      	MOVWF      R13
L_main0:
0x004F	0x0BFD      	DECFSZ     R13, 1
0x0050	0x284F      	GOTO       L_main0
0x0051	0x0BFC      	DECFSZ     R12, 1
0x0052	0x284F      	GOTO       L_main0
0x0053	0x0BFB      	DECFSZ     R11, 1
0x0054	0x284F      	GOTO       L_main0
0x0055	0x0000      	NOP
;DACCOM1.c,21 :: 		while(1){
L_main1:
;DACCOM1.c,23 :: 		PORTC.B0 = CS1_DAC;
0x0056	0x1820      	BTFSC      _CS1_DAC, 0
0x0057	0x285A      	GOTO       L__main8
0x0058	0x1007      	BCF        PORTC, 0
0x0059	0x285B      	GOTO       L__main9
L__main8:
0x005A	0x1407      	BSF        PORTC, 0
L__main9:
;DACCOM1.c,24 :: 		PORTC.B1 = WR_DAC;
0x005B	0x1822      	BTFSC      _WR_DAC, 0
0x005C	0x285F      	GOTO       L__main10
0x005D	0x1087      	BCF        PORTC, 1
0x005E	0x2860      	GOTO       L__main11
L__main10:
0x005F	0x1487      	BSF        PORTC, 1
L__main11:
;DACCOM1.c,26 :: 		for (i = 0 ; i <255 ; i++ ) {
0x0060	0x01A4      	CLRF       _i
0x0061	0x01A5      	CLRF       _i+1
L_main3:
0x0062	0x3000      	MOVLW      0
0x0063	0x0225      	SUBWF      _i+1, 0
0x0064	0x1D03      	BTFSS      STATUS, 2
0x0065	0x2868      	GOTO       L__main12
0x0066	0x30FF      	MOVLW      255
0x0067	0x0224      	SUBWF      _i, 0
L__main12:
0x0068	0x1803      	BTFSC      STATUS, 0
0x0069	0x2870      	GOTO       L_main4
;DACCOM1.c,27 :: 		PORTC = i;
0x006A	0x0824      	MOVF       _i, 0
0x006B	0x0087      	MOVWF      PORTC
;DACCOM1.c,26 :: 		for (i = 0 ; i <255 ; i++ ) {
0x006C	0x0AA4      	INCF       _i, 1
0x006D	0x1903      	BTFSC      STATUS, 2
0x006E	0x0AA5      	INCF       _i+1, 1
;DACCOM1.c,28 :: 		}
0x006F	0x2862      	GOTO       L_main3
L_main4:
;DACCOM1.c,30 :: 		if (i == 255){
0x0070	0x3000      	MOVLW      0
0x0071	0x0625      	XORWF      _i+1, 0
0x0072	0x1D03      	BTFSS      STATUS, 2
0x0073	0x2876      	GOTO       L__main13
0x0074	0x30FF      	MOVLW      255
0x0075	0x0624      	XORWF      _i, 0
L__main13:
0x0076	0x1D03      	BTFSS      STATUS, 2
0x0077	0x287A      	GOTO       L_main6
;DACCOM1.c,31 :: 		i = 0;
0x0078	0x01A4      	CLRF       _i
0x0079	0x01A5      	CLRF       _i+1
;DACCOM1.c,32 :: 		}
L_main6:
;DACCOM1.c,39 :: 		}
0x007A	0x2856      	GOTO       L_main1
;DACCOM1.c,40 :: 		}
L_end_main:
0x007B	0x287B      	GOTO       $+0
; end of _main
Symbol List:
//** Routines locations **
//ADDRESS    SIZE    PROCEDURE
//----------------------------------------------
0x0003       [7]    _____DoICP
0x000A      [12]    ___CC2DW
0x0016      [16]    _UART1_Init
0x0026      [23]    _SET_UP
0x003D      [63]    _main
//** Variables locations ** 
//ADDRESS    SIZE    VARIABLE
//----------------------------------------------
0x0000       [1]    INDF
0x0002       [1]    PCL
0x0003       [1]    STATUS
0x0004       [1]    FSR
0x0007       [1]    PORTC
0x0008       [1]    PORTD
0x000A       [1]    PCLATH
0x000C       [1]    PIR1
0x0018       [1]    RCSTA
0x001A       [1]    RCREG
0x0020       [2]    _CS1_DAC
0x0022       [2]    _WR_DAC
0x0024       [2]    _i
0x0026       [2]    ___DoICPAddr
0x0070       [1]    R0
0x0071       [1]    R1
0x0072       [1]    R2
0x0073       [1]    R3
0x0074       [1]    R4
0x0075       [1]    R5
0x0076       [1]    R6
0x0077       [1]    R7
0x0078       [1]    R8
0x0079       [1]    R9
0x007A       [1]    R10
0x007B       [1]    R11
0x007C       [1]    R12
0x007D       [1]    R13
0x007E       [1]    R14
0x007F       [1]    R15
0x0087       [1]    TRISC
0x0087       [0]    TRISC6_bit
0x0087       [0]    TRISC7_bit
0x0088       [1]    TRISD
0x0098       [1]    TXSTA
0x0099       [1]    SPBRG
0x009A       [1]    SPBRGH
0x0188       [1]    ANSEL
0x0189       [1]    ANSELH
//** Label List: ** 
//----------------------------------------------
  L_main0
  L_main1
  L_main2
  L_main3
  L_main4
  L_main5
  L_main6
  L_end_main
  _main
  L__main8
  L__main9
  L__main10
  L__main11
  L__main12
  L__main13
  L_end_SET_UP
  _SET_UP
  L_loopCA2AWs
  L_CA2AWend
  _CCA2AW_Loop1
  L_loopCS2Ss
  L_CS2Send
  _CCS2S_Loop1
  L_CCS2Send
  L_loopFZinSWs
  L_FZinSend
  _CC2D_Loop1
  L_end_____DoICP
  _____DoICP
  L_end_____DoIFC
  _____DoIFC
  L_end___CA2AW
  ___CA2AW
  L_end___CCA2AW
  ___CCA2AW
  L_end___CS2S
  ___CS2S
  L_end___CCS2S
  ___CCS2S
  L_end___FZinS
  ___FZinS
  L_end___CC2DW
  ___CC2DW
  L_end_Swap
  _Swap
  L_UART1_Init0
  L_UART1_Init1
  L_UART1_Read2
  L_UART1_Write3
  L_UART1_Write4
  L_UART1_Write_Text5
  L_UART1_Write_Text6
  L_UART1_Read_Text7
  L_UART1_Read_Text8
  L_UART1_Read_Text9
  L_UART1_Read_Text10
  L_UART1_Read_Text11
  L_UART1_Read_Text12
  L_UART1_Read_Text13
  L_UART1_Read_Text14
  L_UART1_Read_Text15
  L_end_UART1_Init
  _UART1_Init
  L_end_UART1_Data_Ready
  _UART1_Data_Ready
  L_end_UART1_Read
  _UART1_Read
  L_end_UART1_Tx_Idle
  _UART1_Tx_Idle
  L_end_UART1_Write
  _UART1_Write
  L_end_UART1_Write_Text
  _UART1_Write_Text
  L_end_UART1_Read_Text
  _UART1_Read_Text
